{"/mnt/d/Projects/MyGame/checkers/src/App.tsx": {"path":"/mnt/d/Projects/MyGame/checkers/src/App.tsx","statementMap":{"0":{"start":{"line":32,"column":0},"end":{"line":32,"column":24}},"1":{"start":{"line":6,"column":0},"end":{"line":6,"column":67}},"2":{"start":{"line":7,"column":0},"end":{"line":7,"column":51}},"3":{"start":{"line":10,"column":2},"end":{"line":29,"column":null}},"4":{"start":{"line":22,"column":25},"end":{"line":22,"column":49}},"5":{"start":{"line":33,"column":2},"end":{"line":37,"column":null}}},"fnMap":{"0":{"name":"ErrorFallback","decl":{"start":{"line":9,"column":9},"end":{"line":9,"column":22}},"loc":{"start":{"line":9,"column":47},"end":{"line":30,"column":1}}},"1":{"name":"(anonymous_1)","decl":{"start":{"line":22,"column":19},"end":{"line":22,"column":22}},"loc":{"start":{"line":22,"column":25},"end":{"line":22,"column":49}}},"2":{"name":"App","decl":{"start":{"line":32,"column":24},"end":{"line":32,"column":27}},"loc":{"start":{"line":32,"column":27},"end":{"line":38,"column":1}}}},"branchMap":{"0":{"loc":{"start":{"line":19,"column":68},"end":{"line":19,"column":124}},"type":"cond-expr","locations":[{"start":{"line":19,"column":93},"end":{"line":19,"column":106}},{"start":{"line":19,"column":109},"end":{"line":19,"column":124}}]}},"s":{"0":0,"1":0,"2":0,"3":0,"4":0,"5":0},"f":{"0":0,"1":0,"2":0},"b":{"0":[0,0]}}
,"/mnt/d/Projects/MyGame/checkers/src/components/Board.tsx": {"path":"/mnt/d/Projects/MyGame/checkers/src/components/Board.tsx","statementMap":{"0":{"start":{"line":6,"column":0},"end":{"line":6,"column":25}},"1":{"start":{"line":8,"column":0},"end":{"line":8,"column":29}},"2":{"start":{"line":11,"column":22},"end":{"line":11,"column":71}},"3":{"start":{"line":29,"column":13},"end":{"line":123,"column":null}},"4":{"start":{"line":40,"column":2},"end":{"line":122,"column":null}},"5":{"start":{"line":52,"column":14},"end":{"line":109,"column":16}},"6":{"start":{"line":53,"column":31},"end":{"line":53,"column":62}},"7":{"start":{"line":57,"column":18},"end":{"line":59,"column":52}},"8":{"start":{"line":62,"column":18},"end":{"line":64,"column":48}},"9":{"start":{"line":67,"column":18},"end":{"line":69,"column":48}},"10":{"start":{"line":72,"column":33},"end":{"line":72,"column":34}},"11":{"start":{"line":73,"column":33},"end":{"line":73,"column":34}},"12":{"start":{"line":74,"column":16},"end":{"line":80,"column":17}},"13":{"start":{"line":75,"column":35},"end":{"line":75,"column":42}},"14":{"start":{"line":76,"column":18},"end":{"line":77,"column":null}},"15":{"start":{"line":78,"column":18},"end":{"line":79,"column":null}},"16":{"start":{"line":82,"column":16},"end":{"line":108,"column":null}},"17":{"start":{"line":118,"column":10},"end":{"line":118,"column":28}}},"fnMap":{"0":{"name":"Board","decl":{"start":{"line":29,"column":41},"end":{"line":29,"column":46}},"loc":{"start":{"line":39,"column":13},"end":{"line":123,"column":1}}},"1":{"name":"(anonymous_2)","decl":{"start":{"line":51,"column":23},"end":{"line":51,"column":24}},"loc":{"start":{"line":52,"column":14},"end":{"line":109,"column":16}}},"2":{"name":"(anonymous_3)","decl":{"start":{"line":52,"column":22},"end":{"line":52,"column":23}},"loc":{"start":{"line":52,"column":41},"end":{"line":109,"column":15}}},"3":{"name":"(anonymous_4)","decl":{"start":{"line":117,"column":27},"end":{"line":117,"column":32}},"loc":{"start":{"line":118,"column":10},"end":{"line":118,"column":28}}}},"branchMap":{"0":{"loc":{"start":{"line":34,"column":2},"end":{"line":34,"column":18}},"type":"default-arg","locations":[{"start":{"line":34,"column":13},"end":{"line":34,"column":18}}]},"1":{"loc":{"start":{"line":57,"column":18},"end":{"line":59,"column":52}},"type":"binary-expr","locations":[{"start":{"line":57,"column":18},"end":{"line":57,"column":32}},{"start":{"line":58,"column":18},"end":{"line":58,"column":52}},{"start":{"line":59,"column":18},"end":{"line":59,"column":52}}]},"2":{"loc":{"start":{"line":62,"column":18},"end":{"line":64,"column":48}},"type":"binary-expr","locations":[{"start":{"line":62,"column":18},"end":{"line":62,"column":31}},{"start":{"line":63,"column":18},"end":{"line":63,"column":48}},{"start":{"line":64,"column":18},"end":{"line":64,"column":48}}]},"3":{"loc":{"start":{"line":67,"column":18},"end":{"line":69,"column":48}},"type":"binary-expr","locations":[{"start":{"line":67,"column":18},"end":{"line":67,"column":31}},{"start":{"line":68,"column":18},"end":{"line":68,"column":48}},{"start":{"line":69,"column":18},"end":{"line":69,"column":48}}]},"4":{"loc":{"start":{"line":74,"column":16},"end":{"line":80,"column":17}},"type":"if","locations":[{"start":{"line":74,"column":16},"end":{"line":80,"column":17}},{"start":{},"end":{}}]},"5":{"loc":{"start":{"line":74,"column":20},"end":{"line":74,"column":51}},"type":"binary-expr","locations":[{"start":{"line":74,"column":20},"end":{"line":74,"column":33}},{"start":{"line":74,"column":37},"end":{"line":74,"column":51}}]},"6":{"loc":{"start":{"line":89,"column":35},"end":{"line":89,"column":81}},"type":"binary-expr","locations":[{"start":{"line":89,"column":35},"end":{"line":89,"column":44}},{"start":{"line":89,"column":48},"end":{"line":89,"column":81}}]},"7":{"loc":{"start":{"line":90,"column":32},"end":{"line":90,"column":80}},"type":"binary-expr","locations":[{"start":{"line":90,"column":32},"end":{"line":90,"column":41}},{"start":{"line":90,"column":45},"end":{"line":90,"column":80}}]},"8":{"loc":{"start":{"line":93,"column":33},"end":{"line":93,"column":55}},"type":"binary-expr","locations":[{"start":{"line":93,"column":33},"end":{"line":93,"column":46}},{"start":{"line":93,"column":50},"end":{"line":93,"column":55}}]},"9":{"loc":{"start":{"line":94,"column":37},"end":{"line":94,"column":68}},"type":"binary-expr","locations":[{"start":{"line":94,"column":37},"end":{"line":94,"column":59}},{"start":{"line":94,"column":63},"end":{"line":94,"column":68}}]},"10":{"loc":{"start":{"line":97,"column":37},"end":{"line":97,"column":61}},"type":"binary-expr","locations":[{"start":{"line":97,"column":37},"end":{"line":97,"column":52}},{"start":{"line":97,"column":56},"end":{"line":97,"column":61}}]},"11":{"loc":{"start":{"line":98,"column":37},"end":{"line":98,"column":61}},"type":"binary-expr","locations":[{"start":{"line":98,"column":37},"end":{"line":98,"column":52}},{"start":{"line":98,"column":56},"end":{"line":98,"column":61}}]},"12":{"loc":{"start":{"line":100,"column":22},"end":{"line":101,"column":53}},"type":"binary-expr","locations":[{"start":{"line":100,"column":22},"end":{"line":100,"column":53}},{"start":{"line":101,"column":22},"end":{"line":101,"column":53}}]},"13":{"loc":{"start":{"line":104,"column":22},"end":{"line":105,"column":51}},"type":"binary-expr","locations":[{"start":{"line":104,"column":22},"end":{"line":104,"column":51}},{"start":{"line":105,"column":22},"end":{"line":105,"column":51}}]}},"s":{"0":0,"1":0,"2":0,"3":0,"4":0,"5":0,"6":0,"7":0,"8":0,"9":0,"10":0,"11":0,"12":0,"13":0,"14":0,"15":0,"16":0,"17":0},"f":{"0":0,"1":0,"2":0,"3":0},"b":{"0":[0],"1":[0,0,0],"2":[0,0,0],"3":[0,0,0],"4":[0,0],"5":[0,0],"6":[0,0],"7":[0,0],"8":[0,0],"9":[0,0],"10":[0,0],"11":[0,0],"12":[0,0],"13":[0,0]}}
,"/mnt/d/Projects/MyGame/checkers/src/components/Cell.tsx": {"path":"/mnt/d/Projects/MyGame/checkers/src/components/Cell.tsx","statementMap":{"0":{"start":{"line":6,"column":0},"end":{"line":6,"column":25}},"1":{"start":{"line":8,"column":0},"end":{"line":8,"column":31}},"2":{"start":{"line":29,"column":13},"end":{"line":149,"column":null}},"3":{"start":{"line":47,"column":22},"end":{"line":51,"column":3}},"4":{"start":{"line":48,"column":4},"end":{"line":50,"column":5}},"5":{"start":{"line":49,"column":6},"end":{"line":49,"column":null}},"6":{"start":{"line":53,"column":24},"end":{"line":59,"column":3}},"7":{"start":{"line":54,"column":4},"end":{"line":54,"column":24}},"8":{"start":{"line":54,"column":18},"end":{"line":54,"column":24}},"9":{"start":{"line":55,"column":4},"end":{"line":58,"column":5}},"10":{"start":{"line":56,"column":6},"end":{"line":56,"column":null}},"11":{"start":{"line":57,"column":6},"end":{"line":57,"column":null}},"12":{"start":{"line":62,"column":22},"end":{"line":68,"column":null}},"13":{"start":{"line":71,"column":22},"end":{"line":71,"column":57}},"14":{"start":{"line":74,"column":23},"end":{"line":78,"column":10}},"15":{"start":{"line":82,"column":4},"end":{"line":84,"column":10}},"16":{"start":{"line":87,"column":24},"end":{"line":91,"column":10}},"17":{"start":{"line":94,"column":23},"end":{"line":94,"column":52}},"18":{"start":{"line":95,"column":20},"end":{"line":95,"column":27}},"19":{"start":{"line":96,"column":23},"end":{"line":96,"column":52}},"20":{"start":{"line":97,"column":27},"end":{"line":99,"column":8}},"21":{"start":{"line":100,"column":26},"end":{"line":104,"column":32}},"22":{"start":{"line":106,"column":2},"end":{"line":148,"column":null}}},"fnMap":{"0":{"name":"Cell","decl":{"start":{"line":29,"column":40},"end":{"line":29,"column":44}},"loc":{"start":{"line":46,"column":12},"end":{"line":149,"column":1}}},"1":{"name":"(anonymous_2)","decl":{"start":{"line":47,"column":22},"end":{"line":47,"column":25}},"loc":{"start":{"line":47,"column":27},"end":{"line":51,"column":3}}},"2":{"name":"(anonymous_3)","decl":{"start":{"line":53,"column":24},"end":{"line":53,"column":25}},"loc":{"start":{"line":53,"column":51},"end":{"line":59,"column":3}}}},"branchMap":{"0":{"loc":{"start":{"line":37,"column":2},"end":{"line":37,"column":18}},"type":"default-arg","locations":[{"start":{"line":37,"column":13},"end":{"line":37,"column":18}}]},"1":{"loc":{"start":{"line":38,"column":2},"end":{"line":38,"column":21}},"type":"default-arg","locations":[{"start":{"line":38,"column":16},"end":{"line":38,"column":21}}]},"2":{"loc":{"start":{"line":39,"column":2},"end":{"line":39,"column":25}},"type":"default-arg","locations":[{"start":{"line":39,"column":20},"end":{"line":39,"column":25}}]},"3":{"loc":{"start":{"line":40,"column":2},"end":{"line":40,"column":16}},"type":"default-arg","locations":[{"start":{"line":40,"column":15},"end":{"line":40,"column":16}}]},"4":{"loc":{"start":{"line":41,"column":2},"end":{"line":41,"column":16}},"type":"default-arg","locations":[{"start":{"line":41,"column":15},"end":{"line":41,"column":16}}]},"5":{"loc":{"start":{"line":42,"column":2},"end":{"line":42,"column":25}},"type":"default-arg","locations":[{"start":{"line":42,"column":20},"end":{"line":42,"column":25}}]},"6":{"loc":{"start":{"line":43,"column":2},"end":{"line":43,"column":25}},"type":"default-arg","locations":[{"start":{"line":43,"column":20},"end":{"line":43,"column":25}}]},"7":{"loc":{"start":{"line":44,"column":2},"end":{"line":44,"column":22}},"type":"default-arg","locations":[{"start":{"line":44,"column":17},"end":{"line":44,"column":22}}]},"8":{"loc":{"start":{"line":45,"column":2},"end":{"line":45,"column":20}},"type":"default-arg","locations":[{"start":{"line":45,"column":15},"end":{"line":45,"column":20}}]},"9":{"loc":{"start":{"line":48,"column":4},"end":{"line":50,"column":5}},"type":"if","locations":[{"start":{"line":48,"column":4},"end":{"line":50,"column":5}},{"start":{},"end":{}}]},"10":{"loc":{"start":{"line":54,"column":4},"end":{"line":54,"column":24}},"type":"if","locations":[{"start":{"line":54,"column":4},"end":{"line":54,"column":24}},{"start":{},"end":{}}]},"11":{"loc":{"start":{"line":55,"column":4},"end":{"line":58,"column":5}},"type":"if","locations":[{"start":{"line":55,"column":4},"end":{"line":58,"column":5}},{"start":{},"end":{}}]},"12":{"loc":{"start":{"line":55,"column":8},"end":{"line":55,"column":42}},"type":"binary-expr","locations":[{"start":{"line":55,"column":8},"end":{"line":55,"column":25}},{"start":{"line":55,"column":29},"end":{"line":55,"column":42}}]},"13":{"loc":{"start":{"line":71,"column":22},"end":{"line":71,"column":57}},"type":"cond-expr","locations":[{"start":{"line":71,"column":31},"end":{"line":71,"column":42}},{"start":{"line":71,"column":45},"end":{"line":71,"column":57}}]},"14":{"loc":{"start":{"line":74,"column":23},"end":{"line":78,"column":10}},"type":"cond-expr","locations":[{"start":{"line":75,"column":6},"end":{"line":75,"column":24}},{"start":{"line":76,"column":6},"end":{"line":78,"column":10}}]},"15":{"loc":{"start":{"line":76,"column":6},"end":{"line":78,"column":10}},"type":"cond-expr","locations":[{"start":{"line":77,"column":8},"end":{"line":77,"column":23}},{"start":{"line":78,"column":8},"end":{"line":78,"column":10}}]},"16":{"loc":{"start":{"line":82,"column":4},"end":{"line":84,"column":10}},"type":"cond-expr","locations":[{"start":{"line":83,"column":8},"end":{"line":83,"column":45}},{"start":{"line":84,"column":8},"end":{"line":84,"column":10}}]},"17":{"loc":{"start":{"line":82,"column":4},"end":{"line":82,"column":65}},"type":"binary-expr","locations":[{"start":{"line":82,"column":5},"end":{"line":82,"column":17}},{"start":{"line":82,"column":21},"end":{"line":82,"column":31}},{"start":{"line":82,"column":36},"end":{"line":82,"column":47}},{"start":{"line":82,"column":51},"end":{"line":82,"column":65}}]},"18":{"loc":{"start":{"line":87,"column":24},"end":{"line":91,"column":10}},"type":"cond-expr","locations":[{"start":{"line":88,"column":6},"end":{"line":88,"column":8}},{"start":{"line":89,"column":6},"end":{"line":91,"column":10}}]},"19":{"loc":{"start":{"line":89,"column":6},"end":{"line":91,"column":10}},"type":"cond-expr","locations":[{"start":{"line":90,"column":8},"end":{"line":90,"column":66}},{"start":{"line":91,"column":8},"end":{"line":91,"column":10}}]},"20":{"loc":{"start":{"line":89,"column":6},"end":{"line":89,"column":37}},"type":"binary-expr","locations":[{"start":{"line":89,"column":6},"end":{"line":89,"column":20}},{"start":{"line":89,"column":24},"end":{"line":89,"column":37}}]},"21":{"loc":{"start":{"line":97,"column":27},"end":{"line":99,"column":8}},"type":"cond-expr","locations":[{"start":{"line":98,"column":6},"end":{"line":98,"column":91}},{"start":{"line":99,"column":6},"end":{"line":99,"column":8}}]},"22":{"loc":{"start":{"line":98,"column":9},"end":{"line":98,"column":45}},"type":"cond-expr","locations":[{"start":{"line":98,"column":30},"end":{"line":98,"column":35}},{"start":{"line":98,"column":38},"end":{"line":98,"column":45}}]},"23":{"loc":{"start":{"line":98,"column":49},"end":{"line":98,"column":89}},"type":"cond-expr","locations":[{"start":{"line":98,"column":73},"end":{"line":98,"column":79}},{"start":{"line":98,"column":82},"end":{"line":98,"column":89}}]},"24":{"loc":{"start":{"line":100,"column":26},"end":{"line":104,"column":32}},"type":"cond-expr","locations":[{"start":{"line":101,"column":6},"end":{"line":101,"column":77}},{"start":{"line":102,"column":6},"end":{"line":104,"column":32}}]},"25":{"loc":{"start":{"line":101,"column":45},"end":{"line":101,"column":75}},"type":"cond-expr","locations":[{"start":{"line":101,"column":58},"end":{"line":101,"column":70}},{"start":{"line":101,"column":73},"end":{"line":101,"column":75}}]},"26":{"loc":{"start":{"line":102,"column":6},"end":{"line":104,"column":32}},"type":"cond-expr","locations":[{"start":{"line":103,"column":8},"end":{"line":103,"column":49}},{"start":{"line":104,"column":8},"end":{"line":104,"column":32}}]},"27":{"loc":{"start":{"line":117,"column":16},"end":{"line":117,"column":71}},"type":"cond-expr","locations":[{"start":{"line":117,"column":65},"end":{"line":117,"column":66}},{"start":{"line":117,"column":69},"end":{"line":117,"column":71}}]},"28":{"loc":{"start":{"line":117,"column":16},"end":{"line":117,"column":62}},"type":"binary-expr","locations":[{"start":{"line":117,"column":16},"end":{"line":117,"column":25}},{"start":{"line":117,"column":30},"end":{"line":117,"column":44}},{"start":{"line":117,"column":48},"end":{"line":117,"column":61}}]},"29":{"loc":{"start":{"line":120,"column":7},"end":{"line":121,"column":null}},"type":"binary-expr","locations":[{"start":{"line":120,"column":7},"end":{"line":120,"column":20}},{"start":{"line":120,"column":24},"end":{"line":120,"column":30}},{"start":{"line":121,"column":8},"end":{"line":121,"column":72}}]},"30":{"loc":{"start":{"line":125,"column":7},"end":{"line":145,"column":null}},"type":"binary-expr","locations":[{"start":{"line":125,"column":7},"end":{"line":125,"column":12}},{"start":{"line":126,"column":8},"end":{"line":144,"column":null}}]},"31":{"loc":{"start":{"line":129,"column":12},"end":{"line":134,"column":25}},"type":"cond-expr","locations":[{"start":{"line":130,"column":17},"end":{"line":133,"column":null}},{"start":{"line":134,"column":16},"end":{"line":134,"column":25}}]}},"s":{"0":0,"1":0,"2":0,"3":0,"4":0,"5":0,"6":0,"7":0,"8":0,"9":0,"10":0,"11":0,"12":0,"13":0,"14":0,"15":0,"16":0,"17":0,"18":0,"19":0,"20":0,"21":0,"22":0},"f":{"0":0,"1":0,"2":0},"b":{"0":[0],"1":[0],"2":[0],"3":[0],"4":[0],"5":[0],"6":[0],"7":[0],"8":[0],"9":[0,0],"10":[0,0],"11":[0,0],"12":[0,0],"13":[0,0],"14":[0,0],"15":[0,0],"16":[0,0],"17":[0,0,0,0],"18":[0,0],"19":[0,0],"20":[0,0],"21":[0,0],"22":[0,0],"23":[0,0],"24":[0,0],"25":[0,0],"26":[0,0],"27":[0,0],"28":[0,0,0],"29":[0,0,0],"30":[0,0],"31":[0,0]}}
,"/mnt/d/Projects/MyGame/checkers/src/components/GameControls.tsx": {"path":"/mnt/d/Projects/MyGame/checkers/src/components/GameControls.tsx","statementMap":{"0":{"start":{"line":6,"column":0},"end":{"line":6,"column":25}},"1":{"start":{"line":7,"column":0},"end":{"line":7,"column":36}},"2":{"start":{"line":8,"column":0},"end":{"line":8,"column":91}},"3":{"start":{"line":21,"column":13},"end":{"line":89,"column":null}},"4":{"start":{"line":30,"column":2},"end":{"line":88,"column":null}},"5":{"start":{"line":41,"column":38},"end":{"line":41,"column":77}}},"fnMap":{"0":{"name":"GameControls","decl":{"start":{"line":21,"column":48},"end":{"line":21,"column":60}},"loc":{"start":{"line":29,"column":20},"end":{"line":89,"column":1}}},"1":{"name":"(anonymous_2)","decl":{"start":{"line":41,"column":29},"end":{"line":41,"column":34}},"loc":{"start":{"line":41,"column":38},"end":{"line":41,"column":77}}}},"branchMap":{"0":{"loc":{"start":{"line":27,"column":2},"end":{"line":27,"column":18}},"type":"default-arg","locations":[{"start":{"line":27,"column":13},"end":{"line":27,"column":18}}]},"1":{"loc":{"start":{"line":34,"column":9},"end":{"line":52,"column":null}},"type":"binary-expr","locations":[{"start":{"line":34,"column":9},"end":{"line":34,"column":27}},{"start":{"line":35,"column":10},"end":{"line":51,"column":null}}]},"2":{"loc":{"start":{"line":74,"column":11},"end":{"line":82,"column":null}},"type":"binary-expr","locations":[{"start":{"line":74,"column":11},"end":{"line":74,"column":21}},{"start":{"line":75,"column":12},"end":{"line":79,"column":null}}]}},"s":{"0":0,"1":0,"2":0,"3":0,"4":0,"5":0},"f":{"0":0,"1":0},"b":{"0":[0],"1":[0,0],"2":[0,0]}}
,"/mnt/d/Projects/MyGame/checkers/src/components/LeaderboardDialog.tsx": {"path":"/mnt/d/Projects/MyGame/checkers/src/components/LeaderboardDialog.tsx","statementMap":{"0":{"start":{"line":6,"column":0},"end":{"line":6,"column":39}},"1":{"start":{"line":7,"column":0},"end":{"line":7,"column":null}},"2":{"start":{"line":15,"column":0},"end":{"line":15,"column":36}},"3":{"start":{"line":16,"column":0},"end":{"line":16,"column":34}},"4":{"start":{"line":27,"column":13},"end":{"line":162,"column":null}},"5":{"start":{"line":34,"column":36},"end":{"line":34,"column":51}},"6":{"start":{"line":35,"column":38},"end":{"line":35,"column":64}},"7":{"start":{"line":36,"column":50},"end":{"line":36,"column":65}},"8":{"start":{"line":38,"column":18},"end":{"line":38,"column":99}},"9":{"start":{"line":40,"column":25},"end":{"line":43,"column":3}},"10":{"start":{"line":41,"column":4},"end":{"line":41,"column":null}},"11":{"start":{"line":42,"column":4},"end":{"line":42,"column":null}},"12":{"start":{"line":45,"column":27},"end":{"line":48,"column":3}},"13":{"start":{"line":46,"column":4},"end":{"line":46,"column":null}},"14":{"start":{"line":47,"column":4},"end":{"line":47,"column":null}},"15":{"start":{"line":50,"column":2},"end":{"line":161,"column":null}},"16":{"start":{"line":62,"column":33},"end":{"line":62,"column":62}},"17":{"start":{"line":73,"column":31},"end":{"line":73,"column":49}},"18":{"start":{"line":136,"column":33},"end":{"line":136,"column":59}},"19":{"start":{"line":147,"column":31},"end":{"line":147,"column":56}},"20":{"start":{"line":173,"column":2},"end":{"line":188,"column":null}}},"fnMap":{"0":{"name":"LeaderboardDialog","decl":{"start":{"line":27,"column":53},"end":{"line":27,"column":70}},"loc":{"start":{"line":33,"column":25},"end":{"line":162,"column":1}}},"1":{"name":"(anonymous_10)","decl":{"start":{"line":40,"column":25},"end":{"line":40,"column":28}},"loc":{"start":{"line":40,"column":30},"end":{"line":43,"column":3}}},"2":{"name":"(anonymous_11)","decl":{"start":{"line":45,"column":27},"end":{"line":45,"column":30}},"loc":{"start":{"line":45,"column":32},"end":{"line":48,"column":3}}},"3":{"name":"(anonymous_12)","decl":{"start":{"line":62,"column":28},"end":{"line":62,"column":29}},"loc":{"start":{"line":62,"column":33},"end":{"line":62,"column":62}}},"4":{"name":"(anonymous_13)","decl":{"start":{"line":73,"column":25},"end":{"line":73,"column":28}},"loc":{"start":{"line":73,"column":31},"end":{"line":73,"column":49}}},"5":{"name":"(anonymous_14)","decl":{"start":{"line":136,"column":27},"end":{"line":136,"column":30}},"loc":{"start":{"line":136,"column":33},"end":{"line":136,"column":59}}},"6":{"name":"(anonymous_15)","decl":{"start":{"line":147,"column":25},"end":{"line":147,"column":28}},"loc":{"start":{"line":147,"column":31},"end":{"line":147,"column":56}}},"7":{"name":"StatRow","decl":{"start":{"line":164,"column":9},"end":{"line":164,"column":16}},"loc":{"start":{"line":172,"column":1},"end":{"line":189,"column":1}}}},"branchMap":{"0":{"loc":{"start":{"line":38,"column":18},"end":{"line":38,"column":99}},"type":"cond-expr","locations":[{"start":{"line":38,"column":41},"end":{"line":38,"column":91}},{"start":{"line":38,"column":94},"end":{"line":38,"column":99}}]},"1":{"loc":{"start":{"line":58,"column":13},"end":{"line":77,"column":null}},"type":"cond-expr","locations":[{"start":{"line":59,"column":14},"end":{"line":69,"column":null}},{"start":{"line":72,"column":14},"end":{"line":76,"column":null}}]},"2":{"loc":{"start":{"line":100,"column":27},"end":{"line":100,"column":68}},"type":"cond-expr","locations":[{"start":{"line":100,"column":49},"end":{"line":100,"column":56}},{"start":{"line":100,"column":59},"end":{"line":100,"column":68}}]},"3":{"loc":{"start":{"line":112,"column":23},"end":{"line":112,"column":88}},"type":"cond-expr","locations":[{"start":{"line":112,"column":49},"end":{"line":112,"column":80}},{"start":{"line":112,"column":83},"end":{"line":112,"column":88}}]},"4":{"loc":{"start":{"line":121,"column":11},"end":{"line":156,"column":null}},"type":"cond-expr","locations":[{"start":{"line":122,"column":12},"end":{"line":141,"column":null}},{"start":{"line":144,"column":12},"end":{"line":155,"column":null}}]},"5":{"loc":{"start":{"line":178,"column":10},"end":{"line":182,"column":null}},"type":"cond-expr","locations":[{"start":{"line":179,"column":14},"end":{"line":179,"column":30}},{"start":{"line":180,"column":14},"end":{"line":182,"column":null}}]},"6":{"loc":{"start":{"line":180,"column":14},"end":{"line":182,"column":null}},"type":"cond-expr","locations":[{"start":{"line":181,"column":16},"end":{"line":181,"column":30}},{"start":{"line":182,"column":16},"end":{"line":182,"column":null}}]}},"s":{"0":0,"1":0,"2":0,"3":0,"4":0,"5":0,"6":0,"7":0,"8":0,"9":0,"10":0,"11":0,"12":0,"13":0,"14":0,"15":0,"16":0,"17":0,"18":0,"19":0,"20":0},"f":{"0":0,"1":0,"2":0,"3":0,"4":0,"5":0,"6":0,"7":0},"b":{"0":[0,0],"1":[0,0],"2":[0,0],"3":[0,0],"4":[0,0],"5":[0,0],"6":[0,0]}}
,"/mnt/d/Projects/MyGame/checkers/src/components/Piece.tsx": {"path":"/mnt/d/Projects/MyGame/checkers/src/components/Piece.tsx","statementMap":{"0":{"start":{"line":6,"column":0},"end":{"line":6,"column":58}},"1":{"start":{"line":8,"column":0},"end":{"line":8,"column":71}},"2":{"start":{"line":19,"column":13},"end":{"line":136,"column":null}},"3":{"start":{"line":27,"column":54},"end":{"line":27,"column":69}},"4":{"start":{"line":28,"column":30},"end":{"line":28,"column":43}},"5":{"start":{"line":32,"column":2},"end":{"line":46,"column":null}},"6":{"start":{"line":33,"column":4},"end":{"line":42,"column":5}},"7":{"start":{"line":35,"column":25},"end":{"line":35,"column":73}},"8":{"start":{"line":35,"column":42},"end":{"line":35,"column":69}},"9":{"start":{"line":36,"column":23},"end":{"line":36,"column":99}},"10":{"start":{"line":36,"column":40},"end":{"line":36,"column":68}},"11":{"start":{"line":37,"column":6},"end":{"line":37,"column":null}},"12":{"start":{"line":38,"column":6},"end":{"line":41,"column":null}},"13":{"start":{"line":39,"column":8},"end":{"line":39,"column":null}},"14":{"start":{"line":40,"column":8},"end":{"line":40,"column":null}},"15":{"start":{"line":43,"column":4},"end":{"line":45,"column":5}},"16":{"start":{"line":44,"column":6},"end":{"line":44,"column":null}},"17":{"start":{"line":48,"column":17},"end":{"line":48,"column":38}},"18":{"start":{"line":49,"column":16},"end":{"line":49,"column":34}},"19":{"start":{"line":52,"column":22},"end":{"line":58,"column":null}},"20":{"start":{"line":61,"column":23},"end":{"line":61,"column":58}},"21":{"start":{"line":64,"column":22},"end":{"line":64,"column":48}},"22":{"start":{"line":67,"column":26},"end":{"line":69,"column":8}},"23":{"start":{"line":72,"column":27},"end":{"line":80,"column":12}},"24":{"start":{"line":82,"column":21},"end":{"line":82,"column":111}},"25":{"start":{"line":84,"column":2},"end":{"line":135,"column":null}}},"fnMap":{"0":{"name":"Piece","decl":{"start":{"line":19,"column":41},"end":{"line":19,"column":46}},"loc":{"start":{"line":26,"column":13},"end":{"line":136,"column":1}}},"1":{"name":"(anonymous_10)","decl":{"start":{"line":32,"column":12},"end":{"line":32,"column":15}},"loc":{"start":{"line":32,"column":17},"end":{"line":46,"column":3}}},"2":{"name":"(anonymous_11)","decl":{"start":{"line":35,"column":36},"end":{"line":35,"column":39}},"loc":{"start":{"line":35,"column":42},"end":{"line":35,"column":69}}},"3":{"name":"(anonymous_12)","decl":{"start":{"line":36,"column":34},"end":{"line":36,"column":37}},"loc":{"start":{"line":36,"column":40},"end":{"line":36,"column":68}}},"4":{"name":"(anonymous_13)","decl":{"start":{"line":38,"column":13},"end":{"line":38,"column":16}},"loc":{"start":{"line":38,"column":18},"end":{"line":41,"column":7}}}},"branchMap":{"0":{"loc":{"start":{"line":22,"column":2},"end":{"line":22,"column":21}},"type":"default-arg","locations":[{"start":{"line":22,"column":16},"end":{"line":22,"column":21}}]},"1":{"loc":{"start":{"line":23,"column":2},"end":{"line":23,"column":25}},"type":"default-arg","locations":[{"start":{"line":23,"column":20},"end":{"line":23,"column":25}}]},"2":{"loc":{"start":{"line":24,"column":2},"end":{"line":24,"column":25}},"type":"default-arg","locations":[{"start":{"line":24,"column":20},"end":{"line":24,"column":25}}]},"3":{"loc":{"start":{"line":25,"column":2},"end":{"line":25,"column":25}},"type":"default-arg","locations":[{"start":{"line":25,"column":20},"end":{"line":25,"column":25}}]},"4":{"loc":{"start":{"line":33,"column":4},"end":{"line":42,"column":5}},"type":"if","locations":[{"start":{"line":33,"column":4},"end":{"line":42,"column":5}},{"start":{},"end":{}}]},"5":{"loc":{"start":{"line":33,"column":8},"end":{"line":33,"column":55}},"type":"binary-expr","locations":[{"start":{"line":33,"column":8},"end":{"line":33,"column":23}},{"start":{"line":33,"column":27},"end":{"line":33,"column":55}}]},"6":{"loc":{"start":{"line":43,"column":4},"end":{"line":45,"column":5}},"type":"if","locations":[{"start":{"line":43,"column":4},"end":{"line":45,"column":5}},{"start":{},"end":{}}]},"7":{"loc":{"start":{"line":61,"column":23},"end":{"line":61,"column":58}},"type":"cond-expr","locations":[{"start":{"line":61,"column":31},"end":{"line":61,"column":42}},{"start":{"line":61,"column":45},"end":{"line":61,"column":58}}]},"8":{"loc":{"start":{"line":64,"column":22},"end":{"line":64,"column":48}},"type":"cond-expr","locations":[{"start":{"line":64,"column":31},"end":{"line":64,"column":43}},{"start":{"line":64,"column":46},"end":{"line":64,"column":48}}]},"9":{"loc":{"start":{"line":67,"column":26},"end":{"line":69,"column":8}},"type":"cond-expr","locations":[{"start":{"line":68,"column":6},"end":{"line":68,"column":44}},{"start":{"line":69,"column":6},"end":{"line":69,"column":8}}]},"10":{"loc":{"start":{"line":72,"column":27},"end":{"line":80,"column":12}},"type":"cond-expr","locations":[{"start":{"line":73,"column":6},"end":{"line":73,"column":29}},{"start":{"line":74,"column":6},"end":{"line":80,"column":12}}]},"11":{"loc":{"start":{"line":74,"column":6},"end":{"line":80,"column":12}},"type":"cond-expr","locations":[{"start":{"line":75,"column":8},"end":{"line":75,"column":32}},{"start":{"line":76,"column":8},"end":{"line":80,"column":12}}]},"12":{"loc":{"start":{"line":76,"column":8},"end":{"line":80,"column":12}},"type":"cond-expr","locations":[{"start":{"line":77,"column":10},"end":{"line":79,"column":33}},{"start":{"line":80,"column":10},"end":{"line":80,"column":12}}]},"13":{"loc":{"start":{"line":77,"column":10},"end":{"line":79,"column":33}},"type":"cond-expr","locations":[{"start":{"line":78,"column":12},"end":{"line":78,"column":32}},{"start":{"line":79,"column":12},"end":{"line":79,"column":33}}]},"14":{"loc":{"start":{"line":82,"column":24},"end":{"line":82,"column":47}},"type":"cond-expr","locations":[{"start":{"line":82,"column":32},"end":{"line":82,"column":37}},{"start":{"line":82,"column":40},"end":{"line":82,"column":47}}]},"15":{"loc":{"start":{"line":82,"column":51},"end":{"line":82,"column":76}},"type":"cond-expr","locations":[{"start":{"line":82,"column":60},"end":{"line":82,"column":66}},{"start":{"line":82,"column":69},"end":{"line":82,"column":76}}]},"16":{"loc":{"start":{"line":82,"column":79},"end":{"line":82,"column":109}},"type":"cond-expr","locations":[{"start":{"line":82,"column":92},"end":{"line":82,"column":104}},{"start":{"line":82,"column":107},"end":{"line":82,"column":109}}]},"17":{"loc":{"start":{"line":91,"column":7},"end":{"line":106,"column":null}},"type":"binary-expr","locations":[{"start":{"line":91,"column":7},"end":{"line":91,"column":13}},{"start":{"line":92,"column":8},"end":{"line":105,"column":null}}]},"18":{"loc":{"start":{"line":93,"column":65},"end":{"line":93,"column":113}},"type":"cond-expr","locations":[{"start":{"line":93,"column":86},"end":{"line":93,"column":108}},{"start":{"line":93,"column":111},"end":{"line":93,"column":113}}]},"19":{"loc":{"start":{"line":110,"column":7},"end":{"line":119,"column":null}},"type":"binary-expr","locations":[{"start":{"line":110,"column":7},"end":{"line":110,"column":13}},{"start":{"line":111,"column":8},"end":{"line":118,"column":null}}]},"20":{"loc":{"start":{"line":113,"column":14},"end":{"line":113,"column":108}},"type":"cond-expr","locations":[{"start":{"line":113,"column":22},"end":{"line":113,"column":64}},{"start":{"line":113,"column":67},"end":{"line":113,"column":108}}]},"21":{"loc":{"start":{"line":123,"column":7},"end":{"line":132,"column":null}},"type":"binary-expr","locations":[{"start":{"line":123,"column":7},"end":{"line":123,"column":13}},{"start":{"line":124,"column":8},"end":{"line":131,"column":null}}]},"22":{"loc":{"start":{"line":126,"column":14},"end":{"line":126,"column":108}},"type":"cond-expr","locations":[{"start":{"line":126,"column":22},"end":{"line":126,"column":64}},{"start":{"line":126,"column":67},"end":{"line":126,"column":108}}]}},"s":{"0":0,"1":0,"2":0,"3":0,"4":0,"5":0,"6":0,"7":0,"8":0,"9":0,"10":0,"11":0,"12":0,"13":0,"14":0,"15":0,"16":0,"17":0,"18":0,"19":0,"20":0,"21":0,"22":0,"23":0,"24":0,"25":0},"f":{"0":0,"1":0,"2":0,"3":0,"4":0},"b":{"0":[0],"1":[0],"2":[0],"3":[0],"4":[0,0],"5":[0,0],"6":[0,0],"7":[0,0],"8":[0,0],"9":[0,0],"10":[0,0],"11":[0,0],"12":[0,0],"13":[0,0],"14":[0,0],"15":[0,0],"16":[0,0],"17":[0,0],"18":[0,0],"19":[0,0],"20":[0,0],"21":[0,0],"22":[0,0]}}
,"/mnt/d/Projects/MyGame/checkers/src/components/VictoryDialog.tsx": {"path":"/mnt/d/Projects/MyGame/checkers/src/components/VictoryDialog.tsx","statementMap":{"0":{"start":{"line":6,"column":0},"end":{"line":6,"column":50}},"1":{"start":{"line":7,"column":0},"end":{"line":7,"column":null}},"2":{"start":{"line":15,"column":0},"end":{"line":15,"column":36}},"3":{"start":{"line":38,"column":17},"end":{"line":38,"column":32}},"4":{"start":{"line":39,"column":17},"end":{"line":39,"column":48}},"5":{"start":{"line":40,"column":46},"end":{"line":40,"column":58}},"6":{"start":{"line":45,"column":2},"end":{"line":70,"column":null}},"7":{"start":{"line":46,"column":4},"end":{"line":69,"column":5}},"8":{"start":{"line":48,"column":6},"end":{"line":65,"column":7}},"9":{"start":{"line":49,"column":29},"end":{"line":55,"column":null}},"10":{"start":{"line":56,"column":8},"end":{"line":56,"column":null}},"11":{"start":{"line":57,"column":13},"end":{"line":65,"column":7}},"12":{"start":{"line":59,"column":25},"end":{"line":59,"column":58}},"13":{"start":{"line":60,"column":8},"end":{"line":60,"column":null}},"14":{"start":{"line":63,"column":25},"end":{"line":63,"column":61}},"15":{"start":{"line":64,"column":8},"end":{"line":64,"column":null}},"16":{"start":{"line":67,"column":20},"end":{"line":67,"column":67}},"17":{"start":{"line":67,"column":37},"end":{"line":67,"column":63}},"18":{"start":{"line":68,"column":6},"end":{"line":68,"column":null}},"19":{"start":{"line":68,"column":19},"end":{"line":68,"column":38}},"20":{"start":{"line":72,"column":2},"end":{"line":211,"column":null}},"21":{"start":{"line":94,"column":18},"end":{"line":94,"column":null}},"22":{"start":{"line":104,"column":18},"end":{"line":104,"column":null}},"23":{"start":{"line":114,"column":18},"end":{"line":114,"column":null}},"24":{"start":{"line":214,"column":13},"end":{"line":214,"column":null}}},"fnMap":{"0":{"name":"VictoryDialogComponent","decl":{"start":{"line":29,"column":9},"end":{"line":29,"column":31}},"loc":{"start":{"line":37,"column":21},"end":{"line":212,"column":1}}},"1":{"name":"(anonymous_10)","decl":{"start":{"line":45,"column":12},"end":{"line":45,"column":15}},"loc":{"start":{"line":45,"column":17},"end":{"line":70,"column":3}}},"2":{"name":"(anonymous_11)","decl":{"start":{"line":67,"column":31},"end":{"line":67,"column":34}},"loc":{"start":{"line":67,"column":37},"end":{"line":67,"column":63}}},"3":{"name":"(anonymous_12)","decl":{"start":{"line":68,"column":13},"end":{"line":68,"column":16}},"loc":{"start":{"line":68,"column":19},"end":{"line":68,"column":38}}},"4":{"name":"(anonymous_13)","decl":{"start":{"line":92,"column":25},"end":{"line":92,"column":26}},"loc":{"start":{"line":92,"column":31},"end":{"line":95,"column":17}}},"5":{"name":"(anonymous_14)","decl":{"start":{"line":102,"column":25},"end":{"line":102,"column":26}},"loc":{"start":{"line":102,"column":31},"end":{"line":105,"column":17}}},"6":{"name":"(anonymous_15)","decl":{"start":{"line":112,"column":25},"end":{"line":112,"column":26}},"loc":{"start":{"line":112,"column":31},"end":{"line":115,"column":17}}}},"branchMap":{"0":{"loc":{"start":{"line":46,"column":4},"end":{"line":69,"column":5}},"type":"if","locations":[{"start":{"line":46,"column":4},"end":{"line":69,"column":5}},{"start":{},"end":{}}]},"1":{"loc":{"start":{"line":48,"column":6},"end":{"line":65,"column":7}},"type":"if","locations":[{"start":{"line":48,"column":6},"end":{"line":65,"column":7}},{"start":{"line":57,"column":13},"end":{"line":65,"column":7}}]},"2":{"loc":{"start":{"line":57,"column":13},"end":{"line":65,"column":7}},"type":"if","locations":[{"start":{"line":57,"column":13},"end":{"line":65,"column":7}},{"start":{"line":61,"column":13},"end":{"line":65,"column":7}}]},"3":{"loc":{"start":{"line":77,"column":13},"end":{"line":77,"column":107}},"type":"cond-expr","locations":[{"start":{"line":77,"column":22},"end":{"line":77,"column":32}},{"start":{"line":77,"column":35},"end":{"line":77,"column":107}}]},"4":{"loc":{"start":{"line":77,"column":35},"end":{"line":77,"column":107}},"type":"cond-expr","locations":[{"start":{"line":77,"column":50},"end":{"line":77,"column":79}},{"start":{"line":77,"column":82},"end":{"line":77,"column":107}}]},"5":{"loc":{"start":{"line":87,"column":13},"end":{"line":116,"column":null}},"type":"cond-expr","locations":[{"start":{"line":88,"column":14},"end":{"line":95,"column":null}},{"start":{"line":97,"column":16},"end":{"line":116,"column":null}}]},"6":{"loc":{"start":{"line":97,"column":16},"end":{"line":116,"column":null}},"type":"cond-expr","locations":[{"start":{"line":98,"column":14},"end":{"line":105,"column":null}},{"start":{"line":108,"column":14},"end":{"line":115,"column":null}}]},"7":{"loc":{"start":{"line":122,"column":13},"end":{"line":159,"column":null}},"type":"cond-expr","locations":[{"start":{"line":123,"column":14},"end":{"line":131,"column":null}},{"start":{"line":133,"column":16},"end":{"line":159,"column":null}}]},"8":{"loc":{"start":{"line":133,"column":16},"end":{"line":159,"column":null}},"type":"cond-expr","locations":[{"start":{"line":134,"column":14},"end":{"line":142,"column":null}},{"start":{"line":145,"column":14},"end":{"line":158,"column":null}}]},"9":{"loc":{"start":{"line":175,"column":52},"end":{"line":175,"column":88}},"type":"cond-expr","locations":[{"start":{"line":175,"column":67},"end":{"line":175,"column":83}},{"start":{"line":175,"column":86},"end":{"line":175,"column":88}}]},"10":{"loc":{"start":{"line":189,"column":52},"end":{"line":189,"column":88}},"type":"cond-expr","locations":[{"start":{"line":189,"column":67},"end":{"line":189,"column":83}},{"start":{"line":189,"column":86},"end":{"line":189,"column":88}}]},"11":{"loc":{"start":{"line":193,"column":13},"end":{"line":196,"column":null}},"type":"binary-expr","locations":[{"start":{"line":193,"column":13},"end":{"line":193,"column":20}},{"start":{"line":194,"column":14},"end":{"line":195,"column":null}}]}},"s":{"0":0,"1":0,"2":0,"3":0,"4":0,"5":0,"6":0,"7":0,"8":0,"9":0,"10":0,"11":0,"12":0,"13":0,"14":0,"15":0,"16":0,"17":0,"18":0,"19":0,"20":0,"21":0,"22":0,"23":0,"24":0},"f":{"0":0,"1":0,"2":0,"3":0,"4":0,"5":0,"6":0},"b":{"0":[0,0],"1":[0,0],"2":[0,0],"3":[0,0],"4":[0,0],"5":[0,0],"6":[0,0],"7":[0,0],"8":[0,0],"9":[0,0],"10":[0,0],"11":[0,0]}}
,"/mnt/d/Projects/MyGame/checkers/src/components/ui/button.tsx": {"path":"/mnt/d/Projects/MyGame/checkers/src/components/ui/button.tsx","statementMap":{"0":{"start":{"line":1,"column":0},"end":{"line":1,"column":30}},"1":{"start":{"line":2,"column":0},"end":{"line":2,"column":43}},"2":{"start":{"line":3,"column":0},"end":{"line":3,"column":65}},"3":{"start":{"line":5,"column":0},"end":{"line":5,"column":32}},"4":{"start":{"line":7,"column":23},"end":{"line":30,"column":null}},"5":{"start":{"line":39,"column":15},"end":{"line":45,"column":null}},"6":{"start":{"line":41,"column":17},"end":{"line":41,"column":42}},"7":{"start":{"line":42,"column":4},"end":{"line":44,"column":null}},"8":{"start":{"line":49,"column":9},"end":{"line":49,"column":15}},"9":{"start":{"line":47,"column":0},"end":{"line":47,"column":null}}},"fnMap":{"0":{"name":"(anonymous_9)","decl":{"start":{"line":40,"column":2},"end":{"line":40,"column":3}},"loc":{"start":{"line":40,"column":67},"end":{"line":45,"column":3}}}},"branchMap":{"0":{"loc":{"start":{"line":40,"column":31},"end":{"line":40,"column":46}},"type":"default-arg","locations":[{"start":{"line":40,"column":41},"end":{"line":40,"column":46}}]},"1":{"loc":{"start":{"line":41,"column":17},"end":{"line":41,"column":42}},"type":"cond-expr","locations":[{"start":{"line":41,"column":27},"end":{"line":41,"column":31}},{"start":{"line":41,"column":34},"end":{"line":41,"column":42}}]}},"s":{"0":0,"1":0,"2":0,"3":0,"4":0,"5":0,"6":0,"7":0,"8":0,"9":0},"f":{"0":0},"b":{"0":[0],"1":[0,0]}}
,"/mnt/d/Projects/MyGame/checkers/src/components/ui/dialog.tsx": {"path":"/mnt/d/Projects/MyGame/checkers/src/components/ui/dialog.tsx","statementMap":{"0":{"start":{"line":1,"column":0},"end":{"line":1,"column":30}},"1":{"start":{"line":2,"column":0},"end":{"line":2,"column":57}},"2":{"start":{"line":3,"column":0},"end":{"line":3,"column":50}},"3":{"start":{"line":5,"column":0},"end":{"line":5,"column":32}},"4":{"start":{"line":7,"column":15},"end":{"line":7,"column":35}},"5":{"start":{"line":92,"column":2},"end":{"line":92,"column":8}},"6":{"start":{"line":9,"column":22},"end":{"line":9,"column":45}},"7":{"start":{"line":96,"column":2},"end":{"line":96,"column":15}},"8":{"start":{"line":11,"column":21},"end":{"line":11,"column":43}},"9":{"start":{"line":93,"column":2},"end":{"line":93,"column":14}},"10":{"start":{"line":13,"column":20},"end":{"line":13,"column":41}},"11":{"start":{"line":95,"column":2},"end":{"line":95,"column":13}},"12":{"start":{"line":15,"column":22},"end":{"line":27,"column":2}},"13":{"start":{"line":19,"column":2},"end":{"line":25,"column":null}},"14":{"start":{"line":94,"column":2},"end":{"line":94,"column":15}},"15":{"start":{"line":28,"column":0},"end":{"line":28,"column":null}},"16":{"start":{"line":30,"column":22},"end":{"line":51,"column":2}},"17":{"start":{"line":34,"column":2},"end":{"line":49,"column":null}},"18":{"start":{"line":97,"column":2},"end":{"line":97,"column":15}},"19":{"start":{"line":52,"column":0},"end":{"line":52,"column":null}},"20":{"start":{"line":54,"column":21},"end":{"line":55,"column":null}},"21":{"start":{"line":55,"column":2},"end":{"line":55,"column":100}},"22":{"start":{"line":98,"column":2},"end":{"line":98,"column":14}},"23":{"start":{"line":57,"column":0},"end":{"line":57,"column":null}},"24":{"start":{"line":59,"column":21},"end":{"line":63,"column":null}},"25":{"start":{"line":60,"column":2},"end":{"line":62,"column":null}},"26":{"start":{"line":99,"column":2},"end":{"line":99,"column":14}},"27":{"start":{"line":65,"column":0},"end":{"line":65,"column":null}},"28":{"start":{"line":67,"column":20},"end":{"line":76,"column":2}},"29":{"start":{"line":71,"column":2},"end":{"line":74,"column":null}},"30":{"start":{"line":100,"column":2},"end":{"line":100,"column":13}},"31":{"start":{"line":77,"column":0},"end":{"line":77,"column":null}},"32":{"start":{"line":79,"column":26},"end":{"line":88,"column":2}},"33":{"start":{"line":83,"column":2},"end":{"line":86,"column":null}},"34":{"start":{"line":101,"column":2},"end":{"line":101,"column":19}},"35":{"start":{"line":89,"column":0},"end":{"line":89,"column":null}}},"fnMap":{"0":{"name":"(anonymous_9)","decl":{"start":{"line":18,"column":2},"end":{"line":18,"column":3}},"loc":{"start":{"line":19,"column":2},"end":{"line":25,"column":null}}},"1":{"name":"(anonymous_10)","decl":{"start":{"line":33,"column":2},"end":{"line":33,"column":3}},"loc":{"start":{"line":34,"column":2},"end":{"line":49,"column":null}}},"2":{"name":"(anonymous_11)","decl":{"start":{"line":54,"column":21},"end":{"line":54,"column":22}},"loc":{"start":{"line":55,"column":2},"end":{"line":55,"column":100}}},"3":{"name":"(anonymous_12)","decl":{"start":{"line":59,"column":21},"end":{"line":59,"column":22}},"loc":{"start":{"line":60,"column":2},"end":{"line":62,"column":null}}},"4":{"name":"(anonymous_13)","decl":{"start":{"line":70,"column":2},"end":{"line":70,"column":3}},"loc":{"start":{"line":71,"column":2},"end":{"line":74,"column":null}}},"5":{"name":"(anonymous_14)","decl":{"start":{"line":82,"column":2},"end":{"line":82,"column":3}},"loc":{"start":{"line":83,"column":2},"end":{"line":86,"column":null}}}},"branchMap":{},"s":{"0":0,"1":0,"2":0,"3":0,"4":0,"5":0,"6":0,"7":0,"8":0,"9":0,"10":0,"11":0,"12":0,"13":0,"14":0,"15":0,"16":0,"17":0,"18":0,"19":0,"20":0,"21":0,"22":0,"23":0,"24":0,"25":0,"26":0,"27":0,"28":0,"29":0,"30":0,"31":0,"32":0,"33":0,"34":0,"35":0},"f":{"0":0,"1":0,"2":0,"3":0,"4":0,"5":0},"b":{}}
,"/mnt/d/Projects/MyGame/checkers/src/components/ui/input.tsx": {"path":"/mnt/d/Projects/MyGame/checkers/src/components/ui/input.tsx","statementMap":{"0":{"start":{"line":1,"column":0},"end":{"line":1,"column":30}},"1":{"start":{"line":3,"column":0},"end":{"line":3,"column":32}},"2":{"start":{"line":7,"column":14},"end":{"line":20,"column":null}},"3":{"start":{"line":9,"column":4},"end":{"line":19,"column":null}},"4":{"start":{"line":24,"column":9},"end":{"line":24,"column":14}},"5":{"start":{"line":22,"column":0},"end":{"line":22,"column":null}}},"fnMap":{"0":{"name":"(anonymous_9)","decl":{"start":{"line":8,"column":2},"end":{"line":8,"column":3}},"loc":{"start":{"line":8,"column":41},"end":{"line":20,"column":3}}}},"branchMap":{},"s":{"0":0,"1":0,"2":0,"3":0,"4":0,"5":0},"f":{"0":0},"b":{}}
,"/mnt/d/Projects/MyGame/checkers/src/components/ui/select.tsx": {"path":"/mnt/d/Projects/MyGame/checkers/src/components/ui/select.tsx","statementMap":{"0":{"start":{"line":1,"column":0},"end":{"line":1,"column":30}},"1":{"start":{"line":2,"column":0},"end":{"line":2,"column":57}},"2":{"start":{"line":3,"column":0},"end":{"line":3,"column":81}},"3":{"start":{"line":5,"column":0},"end":{"line":5,"column":32}},"4":{"start":{"line":7,"column":15},"end":{"line":7,"column":35}},"5":{"start":{"line":141,"column":2},"end":{"line":141,"column":8}},"6":{"start":{"line":9,"column":20},"end":{"line":9,"column":41}},"7":{"start":{"line":142,"column":2},"end":{"line":142,"column":13}},"8":{"start":{"line":11,"column":20},"end":{"line":11,"column":41}},"9":{"start":{"line":143,"column":2},"end":{"line":143,"column":13}},"10":{"start":{"line":13,"column":22},"end":{"line":30,"column":2}},"11":{"start":{"line":17,"column":2},"end":{"line":28,"column":null}},"12":{"start":{"line":144,"column":2},"end":{"line":144,"column":15}},"13":{"start":{"line":31,"column":0},"end":{"line":31,"column":null}},"14":{"start":{"line":33,"column":29},"end":{"line":44,"column":2}},"15":{"start":{"line":37,"column":2},"end":{"line":42,"column":null}},"16":{"start":{"line":149,"column":2},"end":{"line":149,"column":22}},"17":{"start":{"line":45,"column":0},"end":{"line":45,"column":null}},"18":{"start":{"line":47,"column":31},"end":{"line":58,"column":2}},"19":{"start":{"line":51,"column":2},"end":{"line":56,"column":null}},"20":{"start":{"line":150,"column":2},"end":{"line":150,"column":24}},"21":{"start":{"line":59,"column":0},"end":{"line":59,"column":null}},"22":{"start":{"line":61,"column":22},"end":{"line":90,"column":2}},"23":{"start":{"line":65,"column":2},"end":{"line":88,"column":null}},"24":{"start":{"line":145,"column":2},"end":{"line":145,"column":15}},"25":{"start":{"line":91,"column":0},"end":{"line":91,"column":null}},"26":{"start":{"line":93,"column":20},"end":{"line":102,"column":2}},"27":{"start":{"line":97,"column":2},"end":{"line":100,"column":null}},"28":{"start":{"line":146,"column":2},"end":{"line":146,"column":13}},"29":{"start":{"line":103,"column":0},"end":{"line":103,"column":null}},"30":{"start":{"line":105,"column":19},"end":{"line":125,"column":2}},"31":{"start":{"line":109,"column":2},"end":{"line":123,"column":null}},"32":{"start":{"line":147,"column":2},"end":{"line":147,"column":12}},"33":{"start":{"line":126,"column":0},"end":{"line":126,"column":null}},"34":{"start":{"line":128,"column":24},"end":{"line":137,"column":2}},"35":{"start":{"line":132,"column":2},"end":{"line":135,"column":null}},"36":{"start":{"line":148,"column":2},"end":{"line":148,"column":17}},"37":{"start":{"line":138,"column":0},"end":{"line":138,"column":null}}},"fnMap":{"0":{"name":"(anonymous_9)","decl":{"start":{"line":16,"column":2},"end":{"line":16,"column":3}},"loc":{"start":{"line":17,"column":2},"end":{"line":28,"column":null}}},"1":{"name":"(anonymous_10)","decl":{"start":{"line":36,"column":2},"end":{"line":36,"column":3}},"loc":{"start":{"line":37,"column":2},"end":{"line":42,"column":null}}},"2":{"name":"(anonymous_11)","decl":{"start":{"line":50,"column":2},"end":{"line":50,"column":3}},"loc":{"start":{"line":51,"column":2},"end":{"line":56,"column":null}}},"3":{"name":"(anonymous_12)","decl":{"start":{"line":64,"column":2},"end":{"line":64,"column":3}},"loc":{"start":{"line":65,"column":2},"end":{"line":88,"column":null}}},"4":{"name":"(anonymous_13)","decl":{"start":{"line":96,"column":2},"end":{"line":96,"column":3}},"loc":{"start":{"line":97,"column":2},"end":{"line":100,"column":null}}},"5":{"name":"(anonymous_14)","decl":{"start":{"line":108,"column":2},"end":{"line":108,"column":3}},"loc":{"start":{"line":109,"column":2},"end":{"line":123,"column":null}}},"6":{"name":"(anonymous_15)","decl":{"start":{"line":131,"column":2},"end":{"line":131,"column":3}},"loc":{"start":{"line":132,"column":2},"end":{"line":135,"column":null}}}},"branchMap":{"0":{"loc":{"start":{"line":64,"column":26},"end":{"line":64,"column":45}},"type":"default-arg","locations":[{"start":{"line":64,"column":37},"end":{"line":64,"column":45}}]},"1":{"loc":{"start":{"line":70,"column":8},"end":{"line":71,"column":139}},"type":"binary-expr","locations":[{"start":{"line":70,"column":8},"end":{"line":70,"column":29}},{"start":{"line":71,"column":10},"end":{"line":71,"column":139}}]},"2":{"loc":{"start":{"line":81,"column":10},"end":{"line":82,"column":101}},"type":"binary-expr","locations":[{"start":{"line":81,"column":10},"end":{"line":81,"column":31}},{"start":{"line":82,"column":12},"end":{"line":82,"column":101}}]}},"s":{"0":0,"1":0,"2":0,"3":0,"4":0,"5":0,"6":0,"7":0,"8":0,"9":0,"10":0,"11":0,"12":0,"13":0,"14":0,"15":0,"16":0,"17":0,"18":0,"19":0,"20":0,"21":0,"22":0,"23":0,"24":0,"25":0,"26":0,"27":0,"28":0,"29":0,"30":0,"31":0,"32":0,"33":0,"34":0,"35":0,"36":0,"37":0},"f":{"0":0,"1":0,"2":0,"3":0,"4":0,"5":0,"6":0},"b":{"0":[0],"1":[0,0],"2":[0,0]}}
,"/mnt/d/Projects/MyGame/checkers/src/hooks/useBentleyStats.ts": {"path":"/mnt/d/Projects/MyGame/checkers/src/hooks/useBentleyStats.ts","statementMap":{"0":{"start":{"line":95,"column":0},"end":{"line":95,"column":16}},"1":{"start":{"line":6,"column":0},"end":{"line":6,"column":56}},"2":{"start":{"line":7,"column":0},"end":{"line":7,"column":48}},"3":{"start":{"line":25,"column":2},"end":{"line":27,"column":3}},"4":{"start":{"line":26,"column":4},"end":{"line":26,"column":null}},"5":{"start":{"line":29,"column":16},"end":{"line":29,"column":45}},"6":{"start":{"line":31,"column":2},"end":{"line":46,"column":null}},"7":{"start":{"line":50,"column":2},"end":{"line":58,"column":null}},"8":{"start":{"line":62,"column":2},"end":{"line":82,"column":3}},"9":{"start":{"line":63,"column":19},"end":{"line":63,"column":67}},"10":{"start":{"line":64,"column":4},"end":{"line":74,"column":5}},"11":{"start":{"line":65,"column":19},"end":{"line":65,"column":37}},"12":{"start":{"line":68,"column":6},"end":{"line":73,"column":7}},"13":{"start":{"line":69,"column":8},"end":{"line":69,"column":null}},"14":{"start":{"line":72,"column":8},"end":{"line":72,"column":null}},"15":{"start":{"line":77,"column":4},"end":{"line":81,"column":5}},"16":{"start":{"line":78,"column":6},"end":{"line":78,"column":null}},"17":{"start":{"line":84,"column":2},"end":{"line":84,"column":null}},"18":{"start":{"line":88,"column":2},"end":{"line":92,"column":3}},"19":{"start":{"line":89,"column":4},"end":{"line":89,"column":null}},"20":{"start":{"line":96,"column":28},"end":{"line":96,"column":61}},"21":{"start":{"line":99,"column":2},"end":{"line":101,"column":null}},"22":{"start":{"line":100,"column":4},"end":{"line":100,"column":null}},"23":{"start":{"line":103,"column":27},"end":{"line":112,"column":8}},"24":{"start":{"line":104,"column":4},"end":{"line":111,"column":null}},"25":{"start":{"line":104,"column":22},"end":{"line":111,"column":6}},"26":{"start":{"line":114,"column":28},"end":{"line":122,"column":8}},"27":{"start":{"line":115,"column":4},"end":{"line":121,"column":null}},"28":{"start":{"line":115,"column":22},"end":{"line":121,"column":6}},"29":{"start":{"line":124,"column":28},"end":{"line":130,"column":8}},"30":{"start":{"line":125,"column":4},"end":{"line":129,"column":null}},"31":{"start":{"line":125,"column":22},"end":{"line":129,"column":6}},"32":{"start":{"line":132,"column":28},"end":{"line":134,"column":8}},"33":{"start":{"line":133,"column":4},"end":{"line":133,"column":null}},"34":{"start":{"line":136,"column":2},"end":{"line":142,"column":null}}},"fnMap":{"0":{"name":"isValidBentleyStats","decl":{"start":{"line":24,"column":9},"end":{"line":24,"column":28}},"loc":{"start":{"line":24,"column":42},"end":{"line":47,"column":1}}},"1":{"name":"getDefaultStats","decl":{"start":{"line":49,"column":9},"end":{"line":49,"column":24}},"loc":{"start":{"line":49,"column":24},"end":{"line":59,"column":1}}},"2":{"name":"loadStats","decl":{"start":{"line":61,"column":9},"end":{"line":61,"column":18}},"loc":{"start":{"line":61,"column":18},"end":{"line":85,"column":1}}},"3":{"name":"saveStats","decl":{"start":{"line":87,"column":9},"end":{"line":87,"column":18}},"loc":{"start":{"line":87,"column":38},"end":{"line":93,"column":1}}},"4":{"name":"useBentleyStats","decl":{"start":{"line":95,"column":16},"end":{"line":95,"column":31}},"loc":{"start":{"line":95,"column":31},"end":{"line":143,"column":1}}},"5":{"name":"(anonymous_5)","decl":{"start":{"line":99,"column":12},"end":{"line":99,"column":15}},"loc":{"start":{"line":99,"column":17},"end":{"line":101,"column":3}}},"6":{"name":"(anonymous_6)","decl":{"start":{"line":103,"column":39},"end":{"line":103,"column":40}},"loc":{"start":{"line":103,"column":98},"end":{"line":112,"column":3}}},"7":{"name":"(anonymous_7)","decl":{"start":{"line":104,"column":13},"end":{"line":104,"column":17}},"loc":{"start":{"line":104,"column":22},"end":{"line":111,"column":6}}},"8":{"name":"(anonymous_8)","decl":{"start":{"line":114,"column":40},"end":{"line":114,"column":41}},"loc":{"start":{"line":114,"column":79},"end":{"line":122,"column":3}}},"9":{"name":"(anonymous_9)","decl":{"start":{"line":115,"column":13},"end":{"line":115,"column":17}},"loc":{"start":{"line":115,"column":22},"end":{"line":121,"column":6}}},"10":{"name":"(anonymous_10)","decl":{"start":{"line":124,"column":40},"end":{"line":124,"column":41}},"loc":{"start":{"line":124,"column":63},"end":{"line":130,"column":3}}},"11":{"name":"(anonymous_11)","decl":{"start":{"line":125,"column":13},"end":{"line":125,"column":17}},"loc":{"start":{"line":125,"column":22},"end":{"line":129,"column":6}}},"12":{"name":"(anonymous_12)","decl":{"start":{"line":132,"column":40},"end":{"line":132,"column":43}},"loc":{"start":{"line":132,"column":45},"end":{"line":134,"column":3}}}},"branchMap":{"0":{"loc":{"start":{"line":25,"column":2},"end":{"line":27,"column":3}},"type":"if","locations":[{"start":{"line":25,"column":2},"end":{"line":27,"column":3}},{"start":{},"end":{}}]},"1":{"loc":{"start":{"line":25,"column":6},"end":{"line":25,"column":39}},"type":"binary-expr","locations":[{"start":{"line":25,"column":6},"end":{"line":25,"column":11}},{"start":{"line":25,"column":15},"end":{"line":25,"column":39}}]},"2":{"loc":{"start":{"line":32,"column":4},"end":{"line":45,"column":25}},"type":"binary-expr","locations":[{"start":{"line":32,"column":4},"end":{"line":32,"column":41}},{"start":{"line":33,"column":4},"end":{"line":33,"column":26}},{"start":{"line":34,"column":4},"end":{"line":34,"column":38}},{"start":{"line":35,"column":4},"end":{"line":35,"column":23}},{"start":{"line":36,"column":4},"end":{"line":36,"column":39}},{"start":{"line":37,"column":4},"end":{"line":37,"column":24}},{"start":{"line":38,"column":4},"end":{"line":38,"column":42}},{"start":{"line":39,"column":4},"end":{"line":39,"column":27}},{"start":{"line":40,"column":4},"end":{"line":40,"column":40}},{"start":{"line":41,"column":4},"end":{"line":41,"column":25}},{"start":{"line":42,"column":4},"end":{"line":42,"column":40}},{"start":{"line":43,"column":4},"end":{"line":43,"column":25}},{"start":{"line":44,"column":4},"end":{"line":44,"column":40}},{"start":{"line":45,"column":4},"end":{"line":45,"column":25}}]},"3":{"loc":{"start":{"line":64,"column":4},"end":{"line":74,"column":5}},"type":"if","locations":[{"start":{"line":64,"column":4},"end":{"line":74,"column":5}},{"start":{},"end":{}}]},"4":{"loc":{"start":{"line":68,"column":6},"end":{"line":73,"column":7}},"type":"if","locations":[{"start":{"line":68,"column":6},"end":{"line":73,"column":7}},{"start":{"line":70,"column":13},"end":{"line":73,"column":7}}]},"5":{"loc":{"start":{"line":109,"column":20},"end":{"line":109,"column":73}},"type":"cond-expr","locations":[{"start":{"line":109,"column":32},"end":{"line":109,"column":53}},{"start":{"line":109,"column":56},"end":{"line":109,"column":73}}]},"6":{"loc":{"start":{"line":110,"column":18},"end":{"line":110,"column":69}},"type":"cond-expr","locations":[{"start":{"line":110,"column":45},"end":{"line":110,"column":51}},{"start":{"line":110,"column":54},"end":{"line":110,"column":69}}]},"7":{"loc":{"start":{"line":120,"column":18},"end":{"line":120,"column":69}},"type":"cond-expr","locations":[{"start":{"line":120,"column":32},"end":{"line":120,"column":51}},{"start":{"line":120,"column":54},"end":{"line":120,"column":69}}]}},"s":{"0":0,"1":0,"2":0,"3":0,"4":0,"5":0,"6":0,"7":0,"8":0,"9":0,"10":0,"11":0,"12":0,"13":0,"14":0,"15":0,"16":0,"17":0,"18":0,"19":0,"20":0,"21":0,"22":0,"23":0,"24":0,"25":0,"26":0,"27":0,"28":0,"29":0,"30":0,"31":0,"32":0,"33":0,"34":0},"f":{"0":0,"1":0,"2":0,"3":0,"4":0,"5":0,"6":0,"7":0,"8":0,"9":0,"10":0,"11":0,"12":0},"b":{"0":[0,0],"1":[0,0],"2":[0,0,0,0,0,0,0,0,0,0,0,0,0,0],"3":[0,0],"4":[0,0],"5":[0,0],"6":[0,0],"7":[0,0]}}
,"/mnt/d/Projects/MyGame/checkers/src/hooks/useCharacterSelection.ts": {"path":"/mnt/d/Projects/MyGame/checkers/src/hooks/useCharacterSelection.ts","statementMap":{"0":{"start":{"line":18,"column":0},"end":{"line":18,"column":16}},"1":{"start":{"line":6,"column":0},"end":{"line":6,"column":45}},"2":{"start":{"line":7,"column":0},"end":{"line":7,"column":53}},"3":{"start":{"line":12,"column":63},"end":{"line":16,"column":null}},"4":{"start":{"line":19,"column":38},"end":{"line":19,"column":77}},"5":{"start":{"line":20,"column":36},"end":{"line":21,"column":null}},"6":{"start":{"line":21,"column":4},"end":{"line":21,"column":62}},"7":{"start":{"line":24,"column":26},"end":{"line":28,"column":8}},"8":{"start":{"line":25,"column":4},"end":{"line":25,"column":null}},"9":{"start":{"line":26,"column":24},"end":{"line":26,"column":60}},"10":{"start":{"line":27,"column":4},"end":{"line":27,"column":null}},"11":{"start":{"line":30,"column":2},"end":{"line":34,"column":null}}},"fnMap":{"0":{"name":"useCharacterSelection","decl":{"start":{"line":18,"column":16},"end":{"line":18,"column":37}},"loc":{"start":{"line":18,"column":78},"end":{"line":35,"column":1}}},"1":{"name":"(anonymous_1)","decl":{"start":{"line":20,"column":56},"end":{"line":20,"column":59}},"loc":{"start":{"line":21,"column":4},"end":{"line":21,"column":62}}},"2":{"name":"(anonymous_2)","decl":{"start":{"line":24,"column":38},"end":{"line":24,"column":39}},"loc":{"start":{"line":24,"column":68},"end":{"line":28,"column":3}}}},"branchMap":{"0":{"loc":{"start":{"line":18,"column":38},"end":{"line":18,"column":78}},"type":"default-arg","locations":[{"start":{"line":18,"column":70},"end":{"line":18,"column":78}}]}},"s":{"0":0,"1":0,"2":0,"3":0,"4":0,"5":0,"6":0,"7":0,"8":0,"9":0,"10":0,"11":0},"f":{"0":0,"1":0,"2":0},"b":{"0":[0]}}
,"/mnt/d/Projects/MyGame/checkers/src/hooks/useCheckersGame.ts": {"path":"/mnt/d/Projects/MyGame/checkers/src/hooks/useCheckersGame.ts","statementMap":{"0":{"start":{"line":31,"column":0},"end":{"line":31,"column":16}},"1":{"start":{"line":6,"column":0},"end":{"line":6,"column":64}},"2":{"start":{"line":8,"column":0},"end":{"line":8,"column":null}},"3":{"start":{"line":16,"column":0},"end":{"line":16,"column":46}},"4":{"start":{"line":17,"column":0},"end":{"line":17,"column":null}},"5":{"start":{"line":32,"column":36},"end":{"line":33,"column":null}},"6":{"start":{"line":33,"column":4},"end":{"line":33,"column":52}},"7":{"start":{"line":35,"column":44},"end":{"line":35,"column":75}},"8":{"start":{"line":36,"column":40},"end":{"line":36,"column":55}},"9":{"start":{"line":37,"column":54},"end":{"line":37,"column":78}},"10":{"start":{"line":40,"column":46},"end":{"line":40,"column":83}},"11":{"start":{"line":41,"column":44},"end":{"line":41,"column":75}},"12":{"start":{"line":42,"column":44},"end":{"line":42,"column":75}},"13":{"start":{"line":44,"column":27},"end":{"line":44,"column":77}},"14":{"start":{"line":45,"column":29},"end":{"line":45,"column":42}},"15":{"start":{"line":48,"column":2},"end":{"line":54,"column":null}},"16":{"start":{"line":49,"column":4},"end":{"line":53,"column":null}},"17":{"start":{"line":50,"column":6},"end":{"line":52,"column":7}},"18":{"start":{"line":51,"column":8},"end":{"line":51,"column":null}},"19":{"start":{"line":59,"column":30},"end":{"line":135,"column":null}},"20":{"start":{"line":65,"column":21},"end":{"line":65,"column":42}},"21":{"start":{"line":66,"column":32},"end":{"line":66,"column":90}},"22":{"start":{"line":69,"column":6},"end":{"line":121,"column":7}},"23":{"start":{"line":71,"column":26},"end":{"line":71,"column":35}},"24":{"start":{"line":73,"column":8},"end":{"line":96,"column":9}},"25":{"start":{"line":73,"column":21},"end":{"line":73,"column":22}},"26":{"start":{"line":74,"column":23},"end":{"line":74,"column":36}},"27":{"start":{"line":77,"column":10},"end":{"line":81,"column":null}},"28":{"start":{"line":84,"column":10},"end":{"line":84,"column":null}},"29":{"start":{"line":87,"column":10},"end":{"line":87,"column":null}},"30":{"start":{"line":87,"column":39},"end":{"line":87,"column":83}},"31":{"start":{"line":90,"column":10},"end":{"line":90,"column":null}},"32":{"start":{"line":93,"column":10},"end":{"line":93,"column":null}},"33":{"start":{"line":93,"column":39},"end":{"line":93,"column":90}},"34":{"start":{"line":95,"column":10},"end":{"line":95,"column":null}},"35":{"start":{"line":98,"column":8},"end":{"line":98,"column":null}},"36":{"start":{"line":101,"column":8},"end":{"line":105,"column":null}},"37":{"start":{"line":107,"column":8},"end":{"line":109,"column":9}},"38":{"start":{"line":108,"column":10},"end":{"line":108,"column":null}},"39":{"start":{"line":112,"column":8},"end":{"line":112,"column":null}},"40":{"start":{"line":112,"column":37},"end":{"line":112,"column":75}},"41":{"start":{"line":114,"column":8},"end":{"line":118,"column":9}},"42":{"start":{"line":116,"column":10},"end":{"line":116,"column":null}},"43":{"start":{"line":116,"column":39},"end":{"line":116,"column":90}},"44":{"start":{"line":117,"column":10},"end":{"line":117,"column":null}},"45":{"start":{"line":120,"column":8},"end":{"line":120,"column":null}},"46":{"start":{"line":124,"column":30},"end":{"line":124,"column":69}},"47":{"start":{"line":126,"column":8},"end":{"line":127,"column":84}},"48":{"start":{"line":129,"column":6},"end":{"line":133,"column":7}},"49":{"start":{"line":130,"column":8},"end":{"line":130,"column":null}},"50":{"start":{"line":131,"column":8},"end":{"line":131,"column":null}},"51":{"start":{"line":131,"column":37},"end":{"line":131,"column":86}},"52":{"start":{"line":132,"column":8},"end":{"line":132,"column":null}},"53":{"start":{"line":139,"column":2},"end":{"line":217,"column":null}},"54":{"start":{"line":140,"column":4},"end":{"line":201,"column":5}},"55":{"start":{"line":147,"column":6},"end":{"line":147,"column":null}},"56":{"start":{"line":149,"column":6},"end":{"line":200,"column":null}},"57":{"start":{"line":150,"column":8},"end":{"line":199,"column":9}},"58":{"start":{"line":151,"column":25},"end":{"line":151,"column":76}},"59":{"start":{"line":153,"column":10},"end":{"line":194,"column":11}},"60":{"start":{"line":154,"column":12},"end":{"line":154,"column":null}},"61":{"start":{"line":157,"column":12},"end":{"line":157,"column":null}},"62":{"start":{"line":160,"column":12},"end":{"line":191,"column":null}},"63":{"start":{"line":161,"column":14},"end":{"line":190,"column":15}},"64":{"start":{"line":162,"column":33},"end":{"line":162,"column":67}},"65":{"start":{"line":163,"column":31},"end":{"line":163,"column":52}},"66":{"start":{"line":164,"column":35},"end":{"line":164,"column":72}},"67":{"start":{"line":165,"column":33},"end":{"line":165,"column":68}},"68":{"start":{"line":166,"column":35},"end":{"line":166,"column":96}},"69":{"start":{"line":168,"column":29},"end":{"line":174,"column":null}},"70":{"start":{"line":176,"column":16},"end":{"line":187,"column":null}},"71":{"start":{"line":186,"column":49},"end":{"line":186,"column":67}},"72":{"start":{"line":189,"column":16},"end":{"line":189,"column":null}},"73":{"start":{"line":193,"column":12},"end":{"line":193,"column":null}},"74":{"start":{"line":196,"column":10},"end":{"line":196,"column":null}},"75":{"start":{"line":198,"column":10},"end":{"line":198,"column":null}},"76":{"start":{"line":203,"column":4},"end":{"line":208,"column":null}},"77":{"start":{"line":204,"column":6},"end":{"line":207,"column":7}},"78":{"start":{"line":205,"column":8},"end":{"line":205,"column":null}},"79":{"start":{"line":206,"column":8},"end":{"line":206,"column":null}},"80":{"start":{"line":222,"column":28},"end":{"line":320,"column":null}},"81":{"start":{"line":224,"column":6},"end":{"line":226,"column":7}},"82":{"start":{"line":225,"column":8},"end":{"line":225,"column":14}},"83":{"start":{"line":228,"column":20},"end":{"line":228,"column":45}},"84":{"start":{"line":231,"column":6},"end":{"line":245,"column":7}},"85":{"start":{"line":232,"column":27},"end":{"line":232,"column":79}},"86":{"start":{"line":236,"column":8},"end":{"line":244,"column":9}},"87":{"start":{"line":237,"column":26},"end":{"line":237,"column":66}},"88":{"start":{"line":237,"column":47},"end":{"line":237,"column":65}},"89":{"start":{"line":239,"column":10},"end":{"line":243,"column":11}},"90":{"start":{"line":240,"column":12},"end":{"line":240,"column":null}},"91":{"start":{"line":241,"column":12},"end":{"line":241,"column":null}},"92":{"start":{"line":241,"column":54},"end":{"line":241,"column":58}},"93":{"start":{"line":242,"column":12},"end":{"line":242,"column":18}},"94":{"start":{"line":248,"column":6},"end":{"line":310,"column":7}},"95":{"start":{"line":249,"column":38},"end":{"line":249,"column":91}},"96":{"start":{"line":250,"column":26},"end":{"line":251,"column":null}},"97":{"start":{"line":251,"column":15},"end":{"line":251,"column":51}},"98":{"start":{"line":254,"column":8},"end":{"line":309,"column":9}},"99":{"start":{"line":256,"column":10},"end":{"line":256,"column":null}},"100":{"start":{"line":257,"column":37},"end":{"line":257,"column":57}},"101":{"start":{"line":258,"column":10},"end":{"line":258,"column":null}},"102":{"start":{"line":259,"column":10},"end":{"line":259,"column":null}},"103":{"start":{"line":262,"column":10},"end":{"line":262,"column":null}},"104":{"start":{"line":265,"column":10},"end":{"line":302,"column":null}},"105":{"start":{"line":266,"column":12},"end":{"line":301,"column":13}},"106":{"start":{"line":267,"column":31},"end":{"line":267,"column":68}},"107":{"start":{"line":268,"column":29},"end":{"line":268,"column":50}},"108":{"start":{"line":269,"column":33},"end":{"line":269,"column":70}},"109":{"start":{"line":270,"column":31},"end":{"line":270,"column":66}},"110":{"start":{"line":271,"column":33},"end":{"line":271,"column":94}},"111":{"start":{"line":274,"column":37},"end":{"line":274,"column":81}},"112":{"start":{"line":275,"column":34},"end":{"line":275,"column":97}},"113":{"start":{"line":277,"column":16},"end":{"line":277,"column":82}},"114":{"start":{"line":279,"column":27},"end":{"line":285,"column":null}},"115":{"start":{"line":287,"column":14},"end":{"line":298,"column":null}},"116":{"start":{"line":297,"column":47},"end":{"line":297,"column":65}},"117":{"start":{"line":300,"column":14},"end":{"line":300,"column":null}},"118":{"start":{"line":304,"column":10},"end":{"line":304,"column":null}},"119":{"start":{"line":307,"column":10},"end":{"line":307,"column":null}},"120":{"start":{"line":308,"column":10},"end":{"line":308,"column":null}},"121":{"start":{"line":326,"column":23},"end":{"line":334,"column":28}},"122":{"start":{"line":327,"column":4},"end":{"line":327,"column":null}},"123":{"start":{"line":328,"column":4},"end":{"line":328,"column":null}},"124":{"start":{"line":329,"column":4},"end":{"line":329,"column":null}},"125":{"start":{"line":330,"column":4},"end":{"line":330,"column":null}},"126":{"start":{"line":331,"column":4},"end":{"line":331,"column":null}},"127":{"start":{"line":332,"column":4},"end":{"line":332,"column":null}},"128":{"start":{"line":333,"column":4},"end":{"line":333,"column":null}},"129":{"start":{"line":339,"column":27},"end":{"line":344,"column":8}},"130":{"start":{"line":340,"column":4},"end":{"line":343,"column":null}},"131":{"start":{"line":340,"column":31},"end":{"line":343,"column":6}},"132":{"start":{"line":349,"column":24},"end":{"line":353,"column":null}},"133":{"start":{"line":351,"column":6},"end":{"line":351,"column":null}},"134":{"start":{"line":351,"column":43},"end":{"line":351,"column":75}},"135":{"start":{"line":359,"column":26},"end":{"line":363,"column":null}},"136":{"start":{"line":361,"column":6},"end":{"line":361,"column":null}},"137":{"start":{"line":366,"column":2},"end":{"line":379,"column":null}}},"fnMap":{"0":{"name":"useCheckersGame","decl":{"start":{"line":31,"column":16},"end":{"line":31,"column":31}},"loc":{"start":{"line":31,"column":72},"end":{"line":380,"column":1}}},"1":{"name":"(anonymous_1)","decl":{"start":{"line":32,"column":56},"end":{"line":32,"column":59}},"loc":{"start":{"line":33,"column":4},"end":{"line":33,"column":52}}},"2":{"name":"(anonymous_2)","decl":{"start":{"line":48,"column":12},"end":{"line":48,"column":15}},"loc":{"start":{"line":48,"column":17},"end":{"line":54,"column":3}}},"3":{"name":"(anonymous_3)","decl":{"start":{"line":49,"column":11},"end":{"line":49,"column":14}},"loc":{"start":{"line":49,"column":16},"end":{"line":53,"column":5}}},"4":{"name":"(anonymous_4)","decl":{"start":{"line":60,"column":4},"end":{"line":60,"column":9}},"loc":{"start":{"line":64,"column":23},"end":{"line":134,"column":5}}},"5":{"name":"(anonymous_5)","decl":{"start":{"line":87,"column":28},"end":{"line":87,"column":35}},"loc":{"start":{"line":87,"column":39},"end":{"line":87,"column":83}}},"6":{"name":"(anonymous_6)","decl":{"start":{"line":93,"column":28},"end":{"line":93,"column":35}},"loc":{"start":{"line":93,"column":39},"end":{"line":93,"column":90}}},"7":{"name":"(anonymous_7)","decl":{"start":{"line":112,"column":26},"end":{"line":112,"column":33}},"loc":{"start":{"line":112,"column":37},"end":{"line":112,"column":75}}},"8":{"name":"(anonymous_8)","decl":{"start":{"line":116,"column":28},"end":{"line":116,"column":35}},"loc":{"start":{"line":116,"column":39},"end":{"line":116,"column":90}}},"9":{"name":"(anonymous_9)","decl":{"start":{"line":131,"column":26},"end":{"line":131,"column":33}},"loc":{"start":{"line":131,"column":37},"end":{"line":131,"column":86}}},"10":{"name":"(anonymous_10)","decl":{"start":{"line":139,"column":12},"end":{"line":139,"column":15}},"loc":{"start":{"line":139,"column":17},"end":{"line":209,"column":3}}},"11":{"name":"(anonymous_11)","decl":{"start":{"line":149,"column":44},"end":{"line":149,"column":49}},"loc":{"start":{"line":149,"column":55},"end":{"line":200,"column":7}}},"12":{"name":"(anonymous_12)","decl":{"start":{"line":160,"column":25},"end":{"line":160,"column":34}},"loc":{"start":{"line":160,"column":37},"end":{"line":191,"column":13}}},"13":{"name":"(anonymous_13)","decl":{"start":{"line":186,"column":44},"end":{"line":186,"column":45}},"loc":{"start":{"line":186,"column":49},"end":{"line":186,"column":67}}},"14":{"name":"(anonymous_14)","decl":{"start":{"line":203,"column":11},"end":{"line":203,"column":14}},"loc":{"start":{"line":203,"column":16},"end":{"line":208,"column":5}}},"15":{"name":"(anonymous_15)","decl":{"start":{"line":223,"column":4},"end":{"line":223,"column":9}},"loc":{"start":{"line":223,"column":39},"end":{"line":311,"column":5}}},"16":{"name":"(anonymous_16)","decl":{"start":{"line":237,"column":42},"end":{"line":237,"column":43}},"loc":{"start":{"line":237,"column":47},"end":{"line":237,"column":65}}},"17":{"name":"(anonymous_17)","decl":{"start":{"line":241,"column":49},"end":{"line":241,"column":50}},"loc":{"start":{"line":241,"column":54},"end":{"line":241,"column":58}}},"18":{"name":"(anonymous_18)","decl":{"start":{"line":251,"column":10},"end":{"line":251,"column":11}},"loc":{"start":{"line":251,"column":15},"end":{"line":251,"column":51}}},"19":{"name":"(anonymous_19)","decl":{"start":{"line":265,"column":23},"end":{"line":265,"column":32}},"loc":{"start":{"line":265,"column":35},"end":{"line":302,"column":11}}},"20":{"name":"(anonymous_20)","decl":{"start":{"line":297,"column":42},"end":{"line":297,"column":43}},"loc":{"start":{"line":297,"column":47},"end":{"line":297,"column":65}}},"21":{"name":"(anonymous_21)","decl":{"start":{"line":326,"column":35},"end":{"line":326,"column":38}},"loc":{"start":{"line":326,"column":40},"end":{"line":334,"column":3}}},"22":{"name":"(anonymous_22)","decl":{"start":{"line":339,"column":39},"end":{"line":339,"column":40}},"loc":{"start":{"line":339,"column":69},"end":{"line":344,"column":3}}},"23":{"name":"(anonymous_23)","decl":{"start":{"line":340,"column":17},"end":{"line":340,"column":26}},"loc":{"start":{"line":340,"column":31},"end":{"line":343,"column":6}}},"24":{"name":"(anonymous_24)","decl":{"start":{"line":350,"column":4},"end":{"line":350,"column":5}},"loc":{"start":{"line":350,"column":42},"end":{"line":352,"column":5}}},"25":{"name":"(anonymous_25)","decl":{"start":{"line":351,"column":37},"end":{"line":351,"column":39}},"loc":{"start":{"line":351,"column":43},"end":{"line":351,"column":75}}},"26":{"name":"(anonymous_26)","decl":{"start":{"line":360,"column":4},"end":{"line":360,"column":5}},"loc":{"start":{"line":360,"column":42},"end":{"line":362,"column":5}}}},"branchMap":{"0":{"loc":{"start":{"line":31,"column":32},"end":{"line":31,"column":72}},"type":"default-arg","locations":[{"start":{"line":31,"column":64},"end":{"line":31,"column":72}}]},"1":{"loc":{"start":{"line":50,"column":6},"end":{"line":52,"column":7}},"type":"if","locations":[{"start":{"line":50,"column":6},"end":{"line":52,"column":7}},{"start":{},"end":{}}]},"2":{"loc":{"start":{"line":66,"column":32},"end":{"line":66,"column":90}},"type":"cond-expr","locations":[{"start":{"line":66,"column":41},"end":{"line":66,"column":64}},{"start":{"line":66,"column":67},"end":{"line":66,"column":90}}]},"3":{"loc":{"start":{"line":69,"column":6},"end":{"line":121,"column":7}},"type":"if","locations":[{"start":{"line":69,"column":6},"end":{"line":121,"column":7}},{"start":{"line":99,"column":13},"end":{"line":121,"column":7}}]},"4":{"loc":{"start":{"line":107,"column":8},"end":{"line":109,"column":9}},"type":"if","locations":[{"start":{"line":107,"column":8},"end":{"line":109,"column":9}},{"start":{},"end":{}}]},"5":{"loc":{"start":{"line":107,"column":12},"end":{"line":107,"column":35}},"type":"binary-expr","locations":[{"start":{"line":107,"column":12},"end":{"line":107,"column":18}},{"start":{"line":107,"column":22},"end":{"line":107,"column":35}}]},"6":{"loc":{"start":{"line":114,"column":8},"end":{"line":118,"column":9}},"type":"if","locations":[{"start":{"line":114,"column":8},"end":{"line":118,"column":9}},{"start":{},"end":{}}]},"7":{"loc":{"start":{"line":126,"column":8},"end":{"line":127,"column":84}},"type":"binary-expr","locations":[{"start":{"line":126,"column":8},"end":{"line":126,"column":43}},{"start":{"line":127,"column":10},"end":{"line":127,"column":22}},{"start":{"line":127,"column":26},"end":{"line":127,"column":43}},{"start":{"line":127,"column":49},"end":{"line":127,"column":61}},{"start":{"line":127,"column":65},"end":{"line":127,"column":82}}]},"8":{"loc":{"start":{"line":129,"column":6},"end":{"line":133,"column":7}},"type":"if","locations":[{"start":{"line":129,"column":6},"end":{"line":133,"column":7}},{"start":{},"end":{}}]},"9":{"loc":{"start":{"line":140,"column":4},"end":{"line":201,"column":5}},"type":"if","locations":[{"start":{"line":140,"column":4},"end":{"line":201,"column":5}},{"start":{},"end":{}}]},"10":{"loc":{"start":{"line":141,"column":6},"end":{"line":145,"column":33}},"type":"binary-expr","locations":[{"start":{"line":141,"column":6},"end":{"line":141,"column":35}},{"start":{"line":142,"column":6},"end":{"line":142,"column":36}},{"start":{"line":143,"column":6},"end":{"line":143,"column":30}},{"start":{"line":144,"column":6},"end":{"line":144,"column":18}},{"start":{"line":145,"column":6},"end":{"line":145,"column":33}}]},"11":{"loc":{"start":{"line":153,"column":10},"end":{"line":194,"column":11}},"type":"if","locations":[{"start":{"line":153,"column":10},"end":{"line":194,"column":11}},{"start":{},"end":{}}]},"12":{"loc":{"start":{"line":164,"column":35},"end":{"line":164,"column":72}},"type":"cond-expr","locations":[{"start":{"line":164,"column":67},"end":{"line":164,"column":68}},{"start":{"line":164,"column":71},"end":{"line":164,"column":72}}]},"13":{"loc":{"start":{"line":166,"column":35},"end":{"line":166,"column":96}},"type":"cond-expr","locations":[{"start":{"line":166,"column":53},"end":{"line":166,"column":55}},{"start":{"line":166,"column":58},"end":{"line":166,"column":96}}]},"14":{"loc":{"start":{"line":180,"column":26},"end":{"line":180,"column":90}},"type":"cond-expr","locations":[{"start":{"line":180,"column":45},"end":{"line":180,"column":77}},{"start":{"line":180,"column":81},"end":{"line":180,"column":90}}]},"15":{"loc":{"start":{"line":180,"column":45},"end":{"line":180,"column":77}},"type":"cond-expr","locations":[{"start":{"line":180,"column":63},"end":{"line":180,"column":69}},{"start":{"line":180,"column":72},"end":{"line":180,"column":77}}]},"16":{"loc":{"start":{"line":204,"column":6},"end":{"line":207,"column":7}},"type":"if","locations":[{"start":{"line":204,"column":6},"end":{"line":207,"column":7}},{"start":{},"end":{}}]},"17":{"loc":{"start":{"line":224,"column":6},"end":{"line":226,"column":7}},"type":"if","locations":[{"start":{"line":224,"column":6},"end":{"line":226,"column":7}},{"start":{},"end":{}}]},"18":{"loc":{"start":{"line":224,"column":10},"end":{"line":224,"column":88}},"type":"binary-expr","locations":[{"start":{"line":224,"column":10},"end":{"line":224,"column":21}},{"start":{"line":224,"column":25},"end":{"line":224,"column":55}},{"start":{"line":224,"column":59},"end":{"line":224,"column":88}}]},"19":{"loc":{"start":{"line":231,"column":6},"end":{"line":245,"column":7}},"type":"if","locations":[{"start":{"line":231,"column":6},"end":{"line":245,"column":7}},{"start":{},"end":{}}]},"20":{"loc":{"start":{"line":231,"column":10},"end":{"line":231,"column":37}},"type":"binary-expr","locations":[{"start":{"line":231,"column":10},"end":{"line":231,"column":15}},{"start":{"line":231,"column":19},"end":{"line":231,"column":37}}]},"21":{"loc":{"start":{"line":236,"column":8},"end":{"line":244,"column":9}},"type":"if","locations":[{"start":{"line":236,"column":8},"end":{"line":244,"column":9}},{"start":{},"end":{}}]},"22":{"loc":{"start":{"line":239,"column":10},"end":{"line":243,"column":11}},"type":"if","locations":[{"start":{"line":239,"column":10},"end":{"line":243,"column":11}},{"start":{},"end":{}}]},"23":{"loc":{"start":{"line":239,"column":14},"end":{"line":239,"column":44}},"type":"binary-expr","locations":[{"start":{"line":239,"column":14},"end":{"line":239,"column":33}},{"start":{"line":239,"column":37},"end":{"line":239,"column":44}}]},"24":{"loc":{"start":{"line":248,"column":6},"end":{"line":310,"column":7}},"type":"if","locations":[{"start":{"line":248,"column":6},"end":{"line":310,"column":7}},{"start":{},"end":{}}]},"25":{"loc":{"start":{"line":251,"column":15},"end":{"line":25
[...]
48}},{"start":{},"end":{}}]},"17":{"loc":{"start":{"line":167,"column":4},"end":{"line":167,"column":45}},"type":"if","locations":[{"start":{"line":167,"column":4},"end":{"line":167,"column":45}},{"start":{},"end":{}}]},"18":{"loc":{"start":{"line":168,"column":4},"end":{"line":168,"column":46}},"type":"if","locations":[{"start":{"line":168,"column":4},"end":{"line":168,"column":46}},{"start":{},"end":{}}]},"19":{"loc":{"start":{"line":188,"column":2},"end":{"line":188,"column":null}},"type":"if","locations":[{"start":{"line":188,"column":2},"end":{"line":188,"column":null}},{"start":{},"end":{}}]},"20":{"loc":{"start":{"line":194,"column":2},"end":{"line":196,"column":3}},"type":"if","locations":[{"start":{"line":194,"column":2},"end":{"line":196,"column":3}},{"start":{},"end":{}}]},"21":{"loc":{"start":{"line":212,"column":6},"end":{"line":221,"column":7}},"type":"if","locations":[{"start":{"line":212,"column":6},"end":{"line":221,"column":7}},{"start":{},"end":{}}]},"22":{"loc":{"start":{"line":212,"column":10},"end":{"line":212,"column":42}},"type":"binary-expr","locations":[{"start":{"line":212,"column":10},"end":{"line":212,"column":15}},{"start":{"line":212,"column":19},"end":{"line":212,"column":42}}]},"23":{"loc":{"start":{"line":226,"column":9},"end":{"line":226,"column":50}},"type":"cond-expr","locations":[{"start":{"line":226,"column":31},"end":{"line":226,"column":39}},{"start":{"line":226,"column":42},"end":{"line":226,"column":50}}]},"24":{"loc":{"start":{"line":236,"column":2},"end":{"line":236,"column":null}},"type":"if","locations":[{"start":{"line":236,"column":2},"end":{"line":236,"column":null}},{"start":{},"end":{}}]},"25":{"loc":{"start":{"line":248,"column":2},"end":{"line":253,"column":3}},"type":"if","locations":[{"start":{"line":248,"column":2},"end":{"line":253,"column":3}},{"start":{},"end":{}}]},"26":{"loc":{"start":{"line":249,"column":4},"end":{"line":252,"column":5}},"type":"if","locations":[{"start":{"line":249,"column":4},"end":{"line":252,"column":5}},{"start":{},"end":{}}]},"27":{"loc":{"start":{"line":249,"column":8},"end":{"line":250,"column":62}},"type":"binary-expr","locations":[{"start":{"line":249,"column":9},"end":{"line":249,"column":27}},{"start":{"line":249,"column":31},"end":{"line":249,"column":48}},{"start":{"line":250,"column":9},"end":{"line":250,"column":27}},{"start":{"line":250,"column":31},"end":{"line":250,"column":61}}]},"28":{"loc":{"start":{"line":275,"column":6},"end":{"line":283,"column":7}},"type":"if","locations":[{"start":{"line":275,"column":6},"end":{"line":283,"column":7}},{"start":{},"end":{}}]},"29":{"loc":{"start":{"line":276,"column":8},"end":{"line":282,"column":9}},"type":"if","locations":[{"start":{"line":276,"column":8},"end":{"line":282,"column":9}},{"start":{"line":279,"column":15},"end":{"line":282,"column":9}}]},"30":{"loc":{"start":{"line":278,"column":10},"end":{"line":278,"column":null}},"type":"if","locations":[{"start":{"line":278,"column":10},"end":{"line":278,"column":null}},{"start":{},"end":{}}]},"31":{"loc":{"start":{"line":281,"column":10},"end":{"line":281,"column":null}},"type":"if","locations":[{"start":{"line":281,"column":10},"end":{"line":281,"column":null}},{"start":{},"end":{}}]},"32":{"loc":{"start":{"line":301,"column":2},"end":{"line":307,"column":3}},"type":"if","locations":[{"start":{"line":301,"column":2},"end":{"line":307,"column":3}},{"start":{},"end":{}}]},"33":{"loc":{"start":{"line":304,"column":14},"end":{"line":304,"column":41}},"type":"cond-expr","locations":[{"start":{"line":304,"column":36},"end":{"line":304,"column":37}},{"start":{"line":304,"column":40},"end":{"line":304,"column":41}}]},"34":{"loc":{"start":{"line":310,"column":2},"end":{"line":312,"column":3}},"type":"if","locations":[{"start":{"line":310,"column":2},"end":{"line":312,"column":3}},{"start":{},"end":{}}]},"35":{"loc":{"start":{"line":313,"column":2},"end":{"line":315,"column":3}},"type":"if","locations":[{"start":{"line":313,"column":2},"end":{"line":315,"column":3}},{"start":{},"end":{}}]},"36":{"loc":{"start":{"line":325,"column":2},"end":{"line":325,"column":29}},"type":"default-arg","locations":[{"start":{"line":325,"column":24},"end":{"line":325,"column":29}}]},"37":{"loc":{"start":{"line":326,"column":2},"end":{"line":326,"column":51}},"type":"default-arg","locations":[{"start":{"line":326,"column":43},"end":{"line":326,"column":51}}]}},"s":{"0":2,"1":2,"2":2,"3":2,"4":2,"5":2,"6":2,"7":2,"8":2,"9":2,"10":2,"11":86,"12":688,"13":24,"14":24,"15":24,"16":72,"17":72,"18":576,"19":288,"20":24,"21":24,"22":72,"23":72,"24":576,"25":288,"26":24,"27":5029249,"28":4054772,"29":1314149,"30":1314149,"31":1314149,"32":2631514,"33":2631514,"34":2631514,"35":2631514,"36":2631514,"37":658110,"38":1973404,"39":2405,"40":1970999,"41":1970999,"42":1970999,"43":1783228,"44":187771,"45":127205,"46":60566,"47":60566,"48":0,"49":60566,"50":60566,"51":484528,"52":60566,"53":60566,"54":60566,"55":60566,"56":60566,"57":60566,"58":60566,"59":60566,"60":60566,"61":3344,"62":3344,"63":57222,"64":1314149,"65":1197403,"66":1197403,"67":1197403,"68":2397726,"69":2397726,"70":2397726,"71":316364,"72":2081362,"73":2886,"74":2078476,"75":1302079,"76":776397,"77":1197403,"78":1253875,"79":1253875,"80":1,"81":1253874,"82":1253874,"83":56471,"84":1197403,"85":109433,"86":109433,"87":109433,"88":109433,"89":875464,"90":875464,"91":7003712,"92":7003712,"93":1253856,"94":1253856,"95":833594,"96":1253856,"97":833594,"98":1253856,"99":1253856,"100":109433,"101":41298,"102":330384,"103":41298,"104":41298,"105":0,"106":41298,"107":6649,"108":41298,"109":41298,"110":41298,"111":40709,"112":52,"113":41298,"114":68583,"115":68583,"116":68583,"117":68583,"118":68583,"119":68583,"120":548664,"121":548664,"122":4389312,"123":4389312,"124":1575143,"125":785823,"126":785823,"127":705,"128":789320,"129":789320,"130":1280,"131":68583,"132":41348,"133":41348,"134":41348,"135":125,"136":41223,"137":5,"138":41218,"139":1,"140":41217,"141":5,"142":5,"143":5,"144":5,"145":35},"f":{"0":86,"1":688,"2":24,"3":5029249,"4":4054772,"5":1314149,"6":484528,"7":1197403,"8":1253875,"9":109433,"10":833594,"11":833594,"12":41298,"13":330384,"14":68583,"15":41348,"16":5,"17":35},"b":{"0":[288,288],"1":[288,288],"2":[5029249,5021799,5018137,4540430],"3":[1253874],"4":[1608,1312541],"5":[658110,1973404],"6":[2405,1970999],"7":[1783228,187771],"8":[1970999,1241691],"9":[127205,60566],"10":[0,60566],"11":[60566,60492,17841,60205,42651],"12":[291,60275],"13":[291,60275],"14":[3344,57222],"15":[1460,1195943],"16":[316364,2081362],"17":[2886,2078476],"18":[1302079,776397],"19":[1,1253874],"20":[56471,1197403],"21":[1253856,5749856],"22":[7003712,2511814],"23":[43496,65937],"24":[0,41298],"25":[40709,589],"26":[52,40657],"27":[40709,28118,40685,12591],"28":[1575143,2814169],"29":[785823,789320],"30":[705,785118],"31":[1280,788040],"32":[125,41223],"33":[60,65],"34":[5,41218],"35":[1,41217],"36":[4],"37":[4]}}
,"/mnt/d/Projects/MyGame/checkers/src/lib/storageKeys.ts": {"path":"/mnt/d/Projects/MyGame/checkers/src/lib/storageKeys.ts","statementMap":{"0":{"start":{"line":6,"column":13},"end":{"line":10,"column":null}}},"fnMap":{},"branchMap":{},"s":{"0":0},"f":{},"b":{}}
,"/mnt/d/Projects/MyGame/checkers/src/lib/utils.ts": {"path":"/mnt/d/Projects/MyGame/checkers/src/lib/utils.ts","statementMap":{"0":{"start":{"line":4,"column":0},"end":{"line":4,"column":16}},"1":{"start":{"line":1,"column":0},"end":{"line":1,"column":44}},"2":{"start":{"line":2,"column":0},"end":{"line":2,"column":40}},"3":{"start":{"line":5,"column":2},"end":{"line":5,"column":null}}},"fnMap":{"0":{"name":"cn","decl":{"start":{"line":4,"column":16},"end":{"line":4,"column":18}},"loc":{"start":{"line":4,"column":42},"end":{"line":6,"column":1}}}},"branchMap":{},"s":{"0":0,"1":0,"2":0,"3":0},"f":{"0":0},"b":{}}
,"/mnt/d/Projects/MyGame/checkers/src/pages/CheckersGame.tsx": {"path":"/mnt/d/Projects/MyGame/checkers/src/pages/CheckersGame.tsx","statementMap":{"0":{"start":{"line":19,"column":0},"end":{"line":19,"column":16}},"1":{"start":{"line":6,"column":0},"end":{"line":6,"column":64}},"2":{"start":{"line":7,"column":0},"end":{"line":7,"column":42}},"3":{"start":{"line":8,"column":0},"end":{"line":8,"column":56}},"4":{"start":{"line":9,"column":0},"end":{"line":9,"column":58}},"5":{"start":{"line":10,"column":0},"end":{"line":10,"column":66}},"6":{"start":{"line":11,"column":0},"end":{"line":11,"column":47}},"7":{"start":{"line":12,"column":0},"end":{"line":12,"column":57}},"8":{"start":{"line":13,"column":0},"end":{"line":13,"column":55}},"9":{"start":{"line":14,"column":0},"end":{"line":14,"column":51}},"10":{"start":{"line":15,"column":0},"end":{"line":15,"column":69}},"11":{"start":{"line":16,"column":0},"end":{"line":16,"column":57}},"12":{"start":{"line":17,"column":0},"end":{"line":17,"column":73}},"13":{"start":{"line":31,"column":6},"end":{"line":31,"column":23}},"14":{"start":{"line":33,"column":41},"end":{"line":33,"column":84}},"15":{"start":{"line":34,"column":116},"end":{"line":34,"column":133}},"16":{"start":{"line":35,"column":31},"end":{"line":35,"column":56}},"17":{"start":{"line":36,"column":85},"end":{"line":36,"column":101}},"18":{"start":{"line":37,"column":63},"end":{"line":37,"column":77}},"19":{"start":{"line":39,"column":62},"end":{"line":39,"column":77}},"20":{"start":{"line":40,"column":48},"end":{"line":40,"column":63}},"21":{"start":{"line":41,"column":24},"end":{"line":41,"column":48}},"22":{"start":{"line":42,"column":28},"end":{"line":42,"column":41}},"23":{"start":{"line":46,"column":28},"end":{"line":46,"column":85}},"24":{"start":{"line":49,"column":2},"end":{"line":103,"column":null}},"25":{"start":{"line":50,"column":23},"end":{"line":50,"column":44}},"26":{"start":{"line":52,"column":4},"end":{"line":100,"column":5}},"27":{"start":{"line":53,"column":6},"end":{"line":53,"column":null}},"28":{"start":{"line":56,"column":28},"end":{"line":58,"column":null}},"29":{"start":{"line":57,"column":23},"end":{"line":57,"column":46}},"30":{"start":{"line":62,"column":21},"end":{"line":62,"column":72}},"31":{"start":{"line":66,"column":8},"end":{"line":67,"column":60}},"32":{"start":{"line":69,"column":6},"end":{"line":99,"column":7}},"33":{"start":{"line":70,"column":8},"end":{"line":90,"column":9}},"34":{"start":{"line":72,"column":10},"end":{"line":72,"column":null}},"35":{"start":{"line":73,"column":10},"end":{"line":73,"column":null}},"36":{"start":{"line":76,"column":10},"end":{"line":79,"column":11}},"37":{"start":{"line":77,"column":12},"end":{"line":77,"column":null}},"38":{"start":{"line":78,"column":12},"end":{"line":78,"column":null}},"39":{"start":{"line":80,"column":15},"end":{"line":90,"column":9}},"40":{"start":{"line":82,"column":10},"end":{"line":82,"column":null}},"41":{"start":{"line":83,"column":10},"end":{"line":83,"column":null}},"42":{"start":{"line":86,"column":10},"end":{"line":89,"column":11}},"43":{"start":{"line":87,"column":12},"end":{"line":87,"column":null}},"44":{"start":{"line":88,"column":12},"end":{"line":88,"column":null}},"45":{"start":{"line":91,"column":13},"end":{"line":99,"column":7}},"46":{"start":{"line":92,"column":8},"end":{"line":92,"column":null}},"47":{"start":{"line":93,"column":8},"end":{"line":93,"column":null}},"48":{"start":{"line":96,"column":8},"end":{"line":98,"column":9}},"49":{"start":{"line":97,"column":10},"end":{"line":97,"column":null}},"50":{"start":{"line":102,"column":4},"end":{"line":102,"column":null}},"51":{"start":{"line":106,"column":2},"end":{"line":110,"column":null}},"52":{"start":{"line":107,"column":4},"end":{"line":109,"column":5}},"53":{"start":{"line":108,"column":6},"end":{"line":108,"column":null}},"54":{"start":{"line":112,"column":24},"end":{"line":116,"column":20}},"55":{"start":{"line":113,"column":4},"end":{"line":113,"column":null}},"56":{"start":{"line":114,"column":4},"end":{"line":114,"column":null}},"57":{"start":{"line":115,"column":4},"end":{"line":115,"column":null}},"58":{"start":{"line":118,"column":33},"end":{"line":123,"column":null}},"59":{"start":{"line":120,"column":6},"end":{"line":120,"column":null}},"60":{"start":{"line":121,"column":6},"end":{"line":121,"column":null}},"61":{"start":{"line":126,"column":2},"end":{"line":238,"column":null}},"62":{"start":{"line":209,"column":35},"end":{"line":209,"column":59}},"63":{"start":{"line":221,"column":25},"end":{"line":221,"column":56}},"64":{"start":{"line":232,"column":25},"end":{"line":232,"column":50}}},"fnMap":{"0":{"name":"CheckersGame","decl":{"start":{"line":19,"column":16},"end":{"line":19,"column":28}},"loc":{"start":{"line":19,"column":28},"end":{"line":239,"column":1}}},"1":{"name":"(anonymous_1)","decl":{"start":{"line":49,"column":12},"end":{"line":49,"column":15}},"loc":{"start":{"line":49,"column":17},"end":{"line":103,"column":3}}},"2":{"name":"(anonymous_2)","decl":{"start":{"line":57,"column":8},"end":{"line":57,"column":9}},"loc":{"start":{"line":57,"column":23},"end":{"line":57,"column":46}}},"3":{"name":"(anonymous_3)","decl":{"start":{"line":106,"column":12},"end":{"line":106,"column":15}},"loc":{"start":{"line":106,"column":17},"end":{"line":110,"column":3}}},"4":{"name":"(anonymous_4)","decl":{"start":{"line":112,"column":36},"end":{"line":112,"column":39}},"loc":{"start":{"line":112,"column":41},"end":{"line":116,"column":3}}},"5":{"name":"(anonymous_5)","decl":{"start":{"line":119,"column":4},"end":{"line":119,"column":5}},"loc":{"start":{"line":119,"column":47},"end":{"line":122,"column":5}}},"6":{"name":"(anonymous_6)","decl":{"start":{"line":209,"column":29},"end":{"line":209,"column":32}},"loc":{"start":{"line":209,"column":35},"end":{"line":209,"column":59}}},"7":{"name":"(anonymous_7)","decl":{"start":{"line":221,"column":19},"end":{"line":221,"column":22}},"loc":{"start":{"line":221,"column":25},"end":{"line":221,"column":56}}},"8":{"name":"(anonymous_8)","decl":{"start":{"line":232,"column":19},"end":{"line":232,"column":22}},"loc":{"start":{"line":232,"column":25},"end":{"line":232,"column":50}}}},"branchMap":{"0":{"loc":{"start":{"line":46,"column":28},"end":{"line":46,"column":85}},"type":"binary-expr","locations":[{"start":{"line":46,"column":28},"end":{"line":46,"column":58}},{"start":{"line":46,"column":62},"end":{"line":46,"column":85}}]},"1":{"loc":{"start":{"line":52,"column":4},"end":{"line":100,"column":5}},"type":"if","locations":[{"start":{"line":52,"column":4},"end":{"line":100,"column":5}},{"start":{},"end":{}}]},"2":{"loc":{"start":{"line":52,"column":8},"end":{"line":52,"column":96}},"type":"binary-expr","locations":[{"start":{"line":52,"column":8},"end":{"line":52,"column":32}},{"start":{"line":52,"column":36},"end":{"line":52,"column":66}},{"start":{"line":52,"column":70},"end":{"line":52,"column":96}}]},"3":{"loc":{"start":{"line":66,"column":8},"end":{"line":67,"column":60}},"type":"binary-expr","locations":[{"start":{"line":66,"column":9},"end":{"line":66,"column":31}},{"start":{"line":66,"column":35},"end":{"line":66,"column":61}},{"start":{"line":67,"column":9},"end":{"line":67,"column":31}},{"start":{"line":67,"column":35},"end":{"line":67,"column":59}}]},"4":{"loc":{"start":{"line":69,"column":6},"end":{"line":99,"column":7}},"type":"if","locations":[{"start":{"line":69,"column":6},"end":{"line":99,"column":7}},{"start":{"line":91,"column":13},"end":{"line":99,"column":7}}]},"5":{"loc":{"start":{"line":70,"column":8},"end":{"line":90,"column":9}},"type":"if","locations":[{"start":{"line":70,"column":8},"end":{"line":90,"column":9}},{"start":{"line":80,"column":15},"end":{"line":90,"column":9}}]},"6":{"loc":{"start":{"line":76,"column":10},"end":{"line":79,"column":11}},"type":"if","locations":[{"start":{"line":76,"column":10},"end":{"line":79,"column":11}},{"start":{},"end":{}}]},"7":{"loc":{"start":{"line":80,"column":15},"end":{"line":90,"column":9}},"type":"if","locations":[{"start":{"line":80,"column":15},"end":{"line":90,"column":9}},{"start":{},"end":{}}]},"8":{"loc":{"start":{"line":86,"column":10},"end":{"line":89,"column":11}},"type":"if","locations":[{"start":{"line":86,"column":10},"end":{"line":89,"column":11}},{"start":{},"end":{}}]},"9":{"loc":{"start":{"line":91,"column":13},"end":{"line":99,"column":7}},"type":"if","locations":[{"start":{"line":91,"column":13},"end":{"line":99,"column":7}},{"start":{},"end":{}}]},"10":{"loc":{"start":{"line":96,"column":8},"end":{"line":98,"column":9}},"type":"if","locations":[{"start":{"line":96,"column":8},"end":{"line":98,"column":9}},{"start":{},"end":{}}]},"11":{"loc":{"start":{"line":107,"column":4},"end":{"line":109,"column":5}},"type":"if","locations":[{"start":{"line":107,"column":4},"end":{"line":109,"column":5}},{"start":{},"end":{}}]},"12":{"loc":{"start":{"line":160,"column":11},"end":{"line":161,"column":null}},"type":"binary-expr","locations":[{"start":{"line":160,"column":11},"end":{"line":160,"column":33}},{"start":{"line":161,"column":12},"end":{"line":161,"column":83}}]},"13":{"loc":{"start":{"line":168,"column":11},"end":{"line":169,"column":null}},"type":"binary-expr","locations":[{"start":{"line":168,"column":11},"end":{"line":168,"column":35}},{"start":{"line":169,"column":12},"end":{"line":169,"column":85}}]},"14":{"loc":{"start":{"line":177,"column":11},"end":{"line":177,"column":83}},"type":"cond-expr","locations":[{"start":{"line":177,"column":43},"end":{"line":177,"column":54}},{"start":{"line":177,"column":57},"end":{"line":177,"column":83}}]},"15":{"loc":{"start":{"line":179,"column":9},"end":{"line":180,"column":null}},"type":"binary-expr","locations":[{"start":{"line":179,"column":9},"end":{"line":179,"column":27}},{"start":{"line":179,"column":31},"end":{"line":179,"column":60}},{"start":{"line":180,"column":10},"end":{"line":180,"column":78}}]},"16":{"loc":{"start":{"line":182,"column":9},"end":{"line":186,"column":null}},"type":"binary-expr","locations":[{"start":{"line":182,"column":9},"end":{"line":182,"column":38}},{"start":{"line":182,"column":42},"end":{"line":182,"column":72}},{"start":{"line":183,"column":10},"end":{"line":185,"column":null}}]},"17":{"loc":{"start":{"line":196,"column":18},"end":{"line":196,"column":63}},"type":"binary-expr","locations":[{"start":{"line":196,"column":18},"end":{"line":196,"column":29}},{"start":{"line":196,"column":33},"end":{"line":196,"column":63}}]},"18":{"loc":{"start":{"line":215,"column":7},"end":{"line":224,"column":null}},"type":"binary-expr","locations":[{"start":{"line":215,"column":7},"end":{"line":215,"column":24}},{"start":{"line":216,"column":8},"end":{"line":223,"column":null}}]},"19":{"loc":{"start":{"line":228,"column":7},"end":{"line":235,"column":null}},"type":"binary-expr","locations":[{"start":{"line":228,"column":7},"end":{"line":228,"column":22}},{"start":{"line":229,"column":8},"end":{"line":234,"column":null}}]}},"s":{"0":0,"1":0,"2":0,"3":0,"4":0,"5":0,"6":0,"7":0,"8":0,"9":0,"10":0,"11":0,"12":0,"13":0,"14":0,"15":0,"16":0,"17":0,"18":0,"19":0,"20":0,"21":0,"22":0,"23":0,"24":0,"25":0,"26":0,"27":0,"28":0,"29":0,"30":0,"31":0,"32":0,"33":0,"34":0,"35":0,"36":0,"37":0,"38":0,"39":0,"40":0,"41":0,"42":0,"43":0,"44":0,"45":0,"46":0,"47":0,"48":0,"49":0,"50":0,"51":0,"52":0,"53":0,"54":0,"55":0,"56":0,"57":0,"58":0,"59":0,"60":0,"61":0,"62":0,"63":0,"64":0},"f":{"0":0,"1":0,"2":0,"3":0,"4":0,"5":0,"6":0,"7":0,"8":0},"b":{"0":[0,0],"1":[0,0],"2":[0,0,0],"3":[0,0,0,0],"4":[0,0],"5":[0,0],"6":[0,0],"7":[0,0],"8":[0,0],"9":[0,0],"10":[0,0],"11":[0,0],"12":[0,0],"13":[0,0],"14":[0,0],"15":[0,0,0],"16":[0,0,0],"17":[0,0],"18":[0,0],"19":[0,0]}}
,"/mnt/d/Projects/MyGame/checkers/src/types/checkers.types.ts": {"path":"/mnt/d/Projects/MyGame/checkers/src/types/checkers.types.ts","statementMap":{"0":{"start":{"line":20,"column":13},"end":{"line":20,"column":null}},"1":{"start":{"line":103,"column":13},"end":{"line":108,"column":null}},"2":{"start":{"line":113,"column":13},"end":{"line":116,"column":null}}},"fnMap":{},"branchMap":{},"s":{"0":2,"1":2,"2":2},"f":{},"b":{}}
}
