TN:
SF:src/App.tsx
FN:9,ErrorFallback
FN:22,(anonymous_1)
FN:32,App
FNF:3
FNH:0
FNDA:0,ErrorFallback
FNDA:0,(anonymous_1)
FNDA:0,App
DA:6,0
DA:7,0
DA:10,0
DA:22,0
DA:32,0
DA:33,0
LF:6
LH:0
BRDA:19,0,0,0
BRDA:19,0,1,0
BRF:2
BRH:0
end_of_record
TN:
SF:src/components/Board.tsx
FN:29,Board
FN:51,(anonymous_2)
FN:52,(anonymous_3)
FN:117,(anonymous_4)
FNF:4
FNH:0
FNDA:0,Board
FNDA:0,(anonymous_2)
FNDA:0,(anonymous_3)
FNDA:0,(anonymous_4)
DA:6,0
DA:8,0
DA:11,0
DA:29,0
DA:40,0
DA:52,0
DA:53,0
DA:57,0
DA:62,0
DA:67,0
DA:72,0
DA:73,0
DA:74,0
DA:75,0
DA:76,0
DA:78,0
DA:82,0
DA:118,0
LF:18
LH:0
BRDA:34,0,0,0
BRDA:57,1,0,0
BRDA:57,1,1,0
BRDA:57,1,2,0
BRDA:62,2,0,0
BRDA:62,2,1,0
BRDA:62,2,2,0
BRDA:67,3,0,0
BRDA:67,3,1,0
BRDA:67,3,2,0
BRDA:74,4,0,0
BRDA:74,4,1,0
BRDA:74,5,0,0
BRDA:74,5,1,0
BRDA:89,6,0,0
BRDA:89,6,1,0
BRDA:90,7,0,0
BRDA:90,7,1,0
BRDA:93,8,0,0
BRDA:93,8,1,0
BRDA:94,9,0,0
BRDA:94,9,1,0
BRDA:97,10,0,0
BRDA:97,10,1,0
BRDA:98,11,0,0
BRDA:98,11,1,0
BRDA:100,12,0,0
BRDA:100,12,1,0
BRDA:104,13,0,0
BRDA:104,13,1,0
BRF:30
BRH:0
end_of_record
TN:
SF:src/components/Cell.tsx
FN:29,Cell
FN:47,(anonymous_2)
FN:53,(anonymous_3)
FNF:3
FNH:0
FNDA:0,Cell
FNDA:0,(anonymous_2)
FNDA:0,(anonymous_3)
DA:6,0
DA:8,0
DA:29,0
DA:47,0
DA:48,0
DA:49,0
DA:53,0
DA:54,0
DA:55,0
DA:56,0
DA:57,0
DA:62,0
DA:71,0
DA:74,0
DA:82,0
DA:87,0
DA:94,0
DA:95,0
DA:96,0
DA:97,0
DA:100,0
DA:106,0
LF:22
LH:0
BRDA:37,0,0,0
BRDA:38,1,0,0
BRDA:39,2,0,0
BRDA:40,3,0,0
BRDA:41,4,0,0
BRDA:42,5,0,0
BRDA:43,6,0,0
BRDA:44,7,0,0
BRDA:45,8,0,0
BRDA:48,9,0,0
BRDA:48,9,1,0
BRDA:54,10,0,0
BRDA:54,10,1,0
BRDA:55,11,0,0
BRDA:55,11,1,0
BRDA:55,12,0,0
BRDA:55,12,1,0
BRDA:71,13,0,0
BRDA:71,13,1,0
BRDA:74,14,0,0
BRDA:74,14,1,0
BRDA:76,15,0,0
BRDA:76,15,1,0
BRDA:82,16,0,0
BRDA:82,16,1,0
BRDA:82,17,0,0
BRDA:82,17,1,0
BRDA:82,17,2,0
BRDA:82,17,3,0
BRDA:87,18,0,0
BRDA:87,18,1,0
BRDA:89,19,0,0
BRDA:89,19,1,0
BRDA:89,20,0,0
BRDA:89,20,1,0
BRDA:97,21,0,0
BRDA:97,21,1,0
BRDA:98,22,0,0
BRDA:98,22,1,0
BRDA:98,23,0,0
BRDA:98,23,1,0
BRDA:100,24,0,0
BRDA:100,24,1,0
BRDA:101,25,0,0
BRDA:101,25,1,0
BRDA:102,26,0,0
BRDA:102,26,1,0
BRDA:117,27,0,0
BRDA:117,27,1,0
BRDA:117,28,0,0
BRDA:117,28,1,0
BRDA:117,28,2,0
BRDA:120,29,0,0
BRDA:120,29,1,0
BRDA:120,29,2,0
BRDA:125,30,0,0
BRDA:125,30,1,0
BRDA:129,31,0,0
BRDA:129,31,1,0
BRF:59
BRH:0
end_of_record
TN:
SF:src/components/GameControls.tsx
FN:21,GameControls
FN:41,(anonymous_2)
FNF:2
FNH:0
FNDA:0,GameControls
FNDA:0,(anonymous_2)
DA:6,0
DA:7,0
DA:8,0
DA:21,0
DA:30,0
DA:41,0
LF:6
LH:0
BRDA:27,0,0,0
BRDA:34,1,0,0
BRDA:34,1,1,0
BRDA:74,2,0,0
BRDA:74,2,1,0
BRF:5
BRH:0
end_of_record
TN:
SF:src/components/LeaderboardDialog.tsx
FN:27,LeaderboardDialog
FN:40,(anonymous_10)
FN:45,(anonymous_11)
FN:62,(anonymous_12)
FN:73,(anonymous_13)
FN:136,(anonymous_14)
FN:147,(anonymous_15)
FN:164,StatRow
FNF:8
FNH:0
FNDA:0,LeaderboardDialog
FNDA:0,(anonymous_10)
FNDA:0,(anonymous_11)
FNDA:0,(anonymous_12)
FNDA:0,(anonymous_13)
FNDA:0,(anonymous_14)
FNDA:0,(anonymous_15)
FNDA:0,StatRow
DA:6,0
DA:7,0
DA:15,0
DA:16,0
DA:27,0
DA:34,0
DA:35,0
DA:36,0
DA:38,0
DA:40,0
DA:41,0
DA:42,0
DA:45,0
DA:46,0
DA:47,0
DA:50,0
DA:62,0
DA:73,0
DA:136,0
DA:147,0
DA:173,0
LF:21
LH:0
BRDA:38,0,0,0
BRDA:38,0,1,0
BRDA:58,1,0,0
BRDA:58,1,1,0
BRDA:100,2,0,0
BRDA:100,2,1,0
BRDA:112,3,0,0
BRDA:112,3,1,0
BRDA:121,4,0,0
BRDA:121,4,1,0
BRDA:178,5,0,0
BRDA:178,5,1,0
BRDA:180,6,0,0
BRDA:180,6,1,0
BRF:14
BRH:0
end_of_record
TN:
SF:src/components/Piece.tsx
FN:19,Piece
FN:32,(anonymous_10)
FN:35,(anonymous_11)
FN:36,(anonymous_12)
FN:38,(anonymous_13)
FNF:5
FNH:0
FNDA:0,Piece
FNDA:0,(anonymous_10)
FNDA:0,(anonymous_11)
FNDA:0,(anonymous_12)
FNDA:0,(anonymous_13)
DA:6,0
DA:8,0
DA:19,0
DA:27,0
DA:28,0
DA:32,0
DA:33,0
DA:35,0
DA:36,0
DA:37,0
DA:38,0
DA:39,0
DA:40,0
DA:43,0
DA:44,0
DA:48,0
DA:49,0
DA:52,0
DA:61,0
DA:64,0
DA:67,0
DA:72,0
DA:82,0
DA:84,0
LF:24
LH:0
BRDA:22,0,0,0
BRDA:23,1,0,0
BRDA:24,2,0,0
BRDA:25,3,0,0
BRDA:33,4,0,0
BRDA:33,4,1,0
BRDA:33,5,0,0
BRDA:33,5,1,0
BRDA:43,6,0,0
BRDA:43,6,1,0
BRDA:61,7,0,0
BRDA:61,7,1,0
BRDA:64,8,0,0
BRDA:64,8,1,0
BRDA:67,9,0,0
BRDA:67,9,1,0
BRDA:72,10,0,0
BRDA:72,10,1,0
BRDA:74,11,0,0
BRDA:74,11,1,0
BRDA:76,12,0,0
BRDA:76,12,1,0
BRDA:77,13,0,0
BRDA:77,13,1,0
BRDA:82,14,0,0
BRDA:82,14,1,0
BRDA:82,15,0,0
BRDA:82,15,1,0
BRDA:82,16,0,0
BRDA:82,16,1,0
BRDA:91,17,0,0
BRDA:91,17,1,0
BRDA:93,18,0,0
BRDA:93,18,1,0
BRDA:110,19,0,0
BRDA:110,19,1,0
BRDA:113,20,0,0
BRDA:113,20,1,0
BRDA:123,21,0,0
BRDA:123,21,1,0
BRDA:126,22,0,0
BRDA:126,22,1,0
BRF:42
BRH:0
end_of_record
TN:
SF:src/components/VictoryDialog.tsx
FN:29,VictoryDialogComponent
FN:45,(anonymous_10)
FN:67,(anonymous_11)
FN:68,(anonymous_12)
FN:92,(anonymous_13)
FN:102,(anonymous_14)
FN:112,(anonymous_15)
FNF:7
FNH:0
FNDA:0,VictoryDialogComponent
FNDA:0,(anonymous_10)
FNDA:0,(anonymous_11)
FNDA:0,(anonymous_12)
FNDA:0,(anonymous_13)
FNDA:0,(anonymous_14)
FNDA:0,(anonymous_15)
DA:6,0
DA:7,0
DA:15,0
DA:38,0
DA:39,0
DA:40,0
DA:45,0
DA:46,0
DA:48,0
DA:49,0
DA:56,0
DA:57,0
DA:59,0
DA:60,0
DA:63,0
DA:64,0
DA:67,0
DA:68,0
DA:72,0
DA:94,0
DA:104,0
DA:114,0
DA:214,0
LF:23
LH:0
BRDA:46,0,0,0
BRDA:46,0,1,0
BRDA:48,1,0,0
BRDA:48,1,1,0
BRDA:57,2,0,0
BRDA:57,2,1,0
BRDA:77,3,0,0
BRDA:77,3,1,0
BRDA:77,4,0,0
BRDA:77,4,1,0
BRDA:87,5,0,0
BRDA:87,5,1,0
BRDA:97,6,0,0
BRDA:97,6,1,0
BRDA:122,7,0,0
BRDA:122,7,1,0
BRDA:133,8,0,0
BRDA:133,8,1,0
BRDA:175,9,0,0
BRDA:175,9,1,0
BRDA:189,10,0,0
BRDA:189,10,1,0
BRDA:193,11,0,0
BRDA:193,11,1,0
BRF:24
BRH:0
end_of_record
TN:
SF:src/components/ui/button.tsx
FN:40,(anonymous_9)
FNF:1
FNH:0
FNDA:0,(anonymous_9)
DA:1,0
DA:2,0
DA:3,0
DA:5,0
DA:7,0
DA:39,0
DA:41,0
DA:42,0
DA:47,0
DA:49,0
LF:10
LH:0
BRDA:40,0,0,0
BRDA:41,1,0,0
BRDA:41,1,1,0
BRF:3
BRH:0
end_of_record
TN:
SF:src/components/ui/dialog.tsx
FN:18,(anonymous_9)
FN:33,(anonymous_10)
FN:54,(anonymous_11)
FN:59,(anonymous_12)
FN:70,(anonymous_13)
FN:82,(anonymous_14)
FNF:6
FNH:0
FNDA:0,(anonymous_9)
FNDA:0,(anonymous_10)
FNDA:0,(anonymous_11)
FNDA:0,(anonymous_12)
FNDA:0,(anonymous_13)
FNDA:0,(anonymous_14)
DA:1,0
DA:2,0
DA:3,0
DA:5,0
DA:7,0
DA:9,0
DA:11,0
DA:13,0
DA:15,0
DA:19,0
DA:28,0
DA:30,0
DA:34,0
DA:52,0
DA:54,0
DA:55,0
DA:57,0
DA:59,0
DA:60,0
DA:65,0
DA:67,0
DA:71,0
DA:77,0
DA:79,0
DA:83,0
DA:89,0
DA:92,0
DA:93,0
DA:94,0
DA:95,0
DA:96,0
DA:97,0
DA:98,0
DA:99,0
DA:100,0
DA:101,0
LF:36
LH:0
BRF:0
BRH:0
end_of_record
TN:
SF:src/components/ui/input.tsx
FN:8,(anonymous_9)
FNF:1
FNH:0
FNDA:0,(anonymous_9)
DA:1,0
DA:3,0
DA:7,0
DA:9,0
DA:22,0
DA:24,0
LF:6
LH:0
BRF:0
BRH:0
end_of_record
TN:
SF:src/components/ui/select.tsx
FN:16,(anonymous_9)
FN:36,(anonymous_10)
FN:50,(anonymous_11)
FN:64,(anonymous_12)
FN:96,(anonymous_13)
FN:108,(anonymous_14)
FN:131,(anonymous_15)
FNF:7
FNH:0
FNDA:0,(anonymous_9)
FNDA:0,(anonymous_10)
FNDA:0,(anonymous_11)
FNDA:0,(anonymous_12)
FNDA:0,(anonymous_13)
FNDA:0,(anonymous_14)
FNDA:0,(anonymous_15)
DA:1,0
DA:2,0
DA:3,0
DA:5,0
DA:7,0
DA:9,0
DA:11,0
DA:13,0
DA:17,0
DA:31,0
DA:33,0
DA:37,0
DA:45,0
DA:47,0
DA:51,0
DA:59,0
DA:61,0
DA:65,0
DA:91,0
DA:93,0
DA:97,0
DA:103,0
DA:105,0
DA:109,0
DA:126,0
DA:128,0
DA:132,0
DA:138,0
DA:141,0
DA:142,0
DA:143,0
DA:144,0
DA:145,0
DA:146,0
DA:147,0
DA:148,0
DA:149,0
DA:150,0
LF:38
LH:0
BRDA:64,0,0,0
BRDA:70,1,0,0
BRDA:70,1,1,0
BRDA:81,2,0,0
BRDA:81,2,1,0
BRF:5
BRH:0
end_of_record
TN:
SF:src/hooks/useBentleyStats.ts
FN:24,isValidBentleyStats
FN:49,getDefaultStats
FN:61,loadStats
FN:87,saveStats
FN:95,useBentleyStats
FN:99,(anonymous_5)
FN:103,(anonymous_6)
FN:104,(anonymous_7)
FN:114,(anonymous_8)
FN:115,(anonymous_9)
FN:124,(anonymous_10)
FN:125,(anonymous_11)
FN:132,(anonymous_12)
FNF:13
FNH:0
FNDA:0,isValidBentleyStats
FNDA:0,getDefaultStats
FNDA:0,loadStats
FNDA:0,saveStats
FNDA:0,useBentleyStats
FNDA:0,(anonymous_5)
FNDA:0,(anonymous_6)
FNDA:0,(anonymous_7)
FNDA:0,(anonymous_8)
FNDA:0,(anonymous_9)
FNDA:0,(anonymous_10)
FNDA:0,(anonymous_11)
FNDA:0,(anonymous_12)
DA:6,0
DA:7,0
DA:25,0
DA:26,0
DA:29,0
DA:31,0
DA:50,0
DA:62,0
DA:63,0
DA:64,0
DA:65,0
DA:68,0
DA:69,0
DA:72,0
DA:77,0
DA:78,0
DA:84,0
DA:88,0
DA:89,0
DA:95,0
DA:96,0
DA:99,0
DA:100,0
DA:103,0
DA:104,0
DA:114,0
DA:115,0
DA:124,0
DA:125,0
DA:132,0
DA:133,0
DA:136,0
LF:32
LH:0
BRDA:25,0,0,0
BRDA:25,0,1,0
BRDA:25,1,0,0
BRDA:25,1,1,0
BRDA:32,2,0,0
BRDA:32,2,1,0
BRDA:32,2,2,0
BRDA:32,2,3,0
BRDA:32,2,4,0
BRDA:32,2,5,0
BRDA:32,2,6,0
BRDA:32,2,7,0
BRDA:32,2,8,0
BRDA:32,2,9,0
BRDA:32,2,10,0
BRDA:32,2,11,0
BRDA:32,2,12,0
BRDA:32,2,13,0
BRDA:64,3,0,0
BRDA:64,3,1,0
BRDA:68,4,0,0
BRDA:68,4,1,0
BRDA:109,5,0,0
BRDA:109,5,1,0
BRDA:110,6,0,0
BRDA:110,6,1,0
BRDA:120,7,0,0
BRDA:120,7,1,0
BRF:28
BRH:0
end_of_record
TN:
SF:src/hooks/useCharacterSelection.ts
FN:18,useCharacterSelection
FN:20,(anonymous_1)
FN:24,(anonymous_2)
FNF:3
FNH:0
FNDA:0,useCharacterSelection
FNDA:0,(anonymous_1)
FNDA:0,(anonymous_2)
DA:6,0
DA:7,0
DA:12,0
DA:18,0
DA:19,0
DA:20,0
DA:21,0
DA:24,0
DA:25,0
DA:26,0
DA:27,0
DA:30,0
LF:12
LH:0
BRDA:18,0,0,0
BRF:1
BRH:0
end_of_record
TN:
SF:src/hooks/useCheckersGame.ts
FN:31,useCheckersGame
FN:32,(anonymous_1)
FN:48,(anonymous_2)
FN:49,(anonymous_3)
FN:60,(anonymous_4)
FN:87,(anonymous_5)
FN:93,(anonymous_6)
FN:112,(anonymous_7)
FN:116,(anonymous_8)
FN:131,(anonymous_9)
FN:139,(anonymous_10)
FN:149,(anonymous_11)
FN:160,(anonymous_12)
FN:186,(anonymous_13)
FN:203,(anonymous_14)
FN:223,(anonymous_15)
FN:237,(anonymous_16)
FN:241,(anonymous_17)
FN:251,(anonymous_18)
FN:265,(anonymous_19)
FN:297,(anonymous_20)
FN:326,(anonymous_21)
FN:339,(anonymous_22)
FN:340,(anonymous_23)
FN:350,(anonymous_24)
FN:351,(anonymous_25)
FN:360,(anonymous_26)
FNF:27
FNH:0
FNDA:0,useCheckersGame
FNDA:0,(anonymous_1)
FNDA:0,(anonymous_2)
FNDA:0,(anonymous_3)
FNDA:0,(anonymous_4)
FNDA:0,(anonymous_5)
FNDA:0,(anonymous_6)
FNDA:0,(anonymous_7)
FNDA:0,(anonymous_8)
FNDA:0,(anonymous_9)
FNDA:0,(anonymous_10)
FNDA:0,(anonymous_11)
FNDA:0,(anonymous_12)
FNDA:0,(anonymous_13)
FNDA:0,(anonymous_14)
FNDA:0,(anonymous_15)
FNDA:0,(anonymous_16)
FNDA:0,(anonymous_17)
FNDA:0,(anonymous_18)
FNDA:0,(anonymous_19)
FNDA:0,(anonymous_20)
FNDA:0,(anonymous_21)
FNDA:0,(anonymous_22)
FNDA:0,(anonymous_23)
FNDA:0,(anonymous_24)
FNDA:0,(anonymous_25)
FNDA:0,(anonymous_26)
DA:6,0
DA:8,0
DA:16,0
DA:17,0
DA:31,0
DA:32,0
DA:33,0
DA:35,0
DA:36,0
DA:37,0
DA:40,0
DA:41,0
DA:42,0
DA:44,0
DA:45,0
DA:48,0
DA:49,0
DA:50,0
DA:51,0
DA:59,0
DA:65,0
DA:66,0
DA:69,0
DA:71,0
DA:73,0
DA:74,0
DA:77,0
DA:84,0
DA:87,0
DA:90,0
DA:93,0
DA:95,0
DA:98,0
DA:101,0
DA:107,0
DA:108,0
DA:112,0
DA:114,0
DA:116,0
DA:117,0
DA:120,0
DA:124,0
DA:126,0
DA:129,0
DA:130,0
DA:131,0
DA:132,0
DA:139,0
DA:140,0
DA:147,0
DA:149,0
DA:150,0
DA:151,0
DA:153,0
DA:154,0
DA:157,0
DA:160,0
DA:161,0
DA:162,0
DA:163,0
DA:164,0
DA:165,0
DA:166,0
DA:168,0
DA:176,0
DA:186,0
DA:189,0
DA:193,0
DA:196,0
DA:198,0
DA:203,0
DA:204,0
DA:205,0
DA:206,0
DA:222,0
DA:224,0
DA:225,0
DA:228,0
DA:231,0
DA:232,0
DA:236,0
DA:237,0
DA:239,0
DA:240,0
DA:241,0
DA:242,0
DA:248,0
DA:249,0
DA:250,0
DA:251,0
DA:254,0
DA:256,0
DA:257,0
DA:258,0
DA:259,0
DA:262,0
DA:265,0
DA:266,0
DA:267,0
DA:268,0
DA:269,0
DA:270,0
DA:271,0
DA:274,0
DA:275,0
DA:277,0
DA:279,0
DA:287,0
DA:297,0
DA:300,0
DA:304,0
DA:307,0
DA:308,0
DA:326,0
DA:327,0
DA:328,0
DA:329,0
DA:330,0
DA:331,0
DA:332,0
DA:333,0
DA:339,0
DA:340,0
DA:349,0
DA:351,0
DA:359,0
DA:361,0
DA:366,0
LF:128
LH:0
BRDA:31,0,0,0
BRDA:50,1,0,0
BRDA:50,1,1,0
BRDA:66,2,0,0
BRDA:66,2,1,0
BRDA:69,3,0,0
BRDA:69,3,1,0
BRDA:107,4,0,0
BRDA:107,4,1,0
BRDA:107,5,0,0
BRDA:107,5,1,0
BRDA:114,6,0,0
BRDA:114,6,1,0
BRDA:126,7,0,0
BRDA:126,7,1,0
BRDA:126,7,2,0
BRDA:126,7,3,0
BRDA:126,7,4,0
BRDA:129,8,0,0
BRDA:129,8,1,0
BRDA:140,9,0,0
BRDA:140,9,1,0
BRDA:141,10,0,0
BRDA:141,10,1,0
BRDA:141,10,2,0
BRDA:141,10,3,0
BRDA:141,10,4,0
BRDA:153,11,0,0
BRDA:153,11,1,0
BRDA:164,12,0,0
BRDA:164,12,1,0
BRDA:166,13,0,0
BRDA:166,13,1,0
BRDA:180,14,0,0
BRDA:180,14,1,0
BRDA:180,15,0,0
BRDA:180,15,1,0
BRDA:204,16,0,0
BRDA:204,16,1,0
BRDA:224,17,0,0
BRDA:224,17,1,0
BRDA:224,18,0,0
BRDA:224,18,1,0
BRDA:224,18,2,0
BRDA:231,19,0,0
BRDA:231,19,1,0
BRDA:231,20,0,0
BRDA:231,20,1,0
BRDA:236,21,0,0
BRDA:236,21,1,0
BRDA:239,22,0,0
BRDA:239,22,1,0
BRDA:239,23,0,0
BRDA:239,23,1,0
BRDA:248,24,0,0
BRDA:248,24,1,0
BRDA:251,25,0,0
BRDA:251,25,1,0
BRDA:254,26,0,0
BRDA:254,26,1,0
BRDA:269,27,0,0
BRDA:269,27,1,0
BRDA:271,28,0,0
BRDA:271,28,1,0
BRDA:277,29,0,0
BRDA:277,29,1,0
BRDA:291,30,0,0
BRDA:291,30,1,0
BRDA:291,31,0,0
BRDA:291,31,1,0
BRDA:351,32,0,0
BRDA:351,32,1,0
BRDA:361,33,0,0
BRDA:361,33,1,0
BRDA:361,33,2,0
BRF:75
BRH:0
end_of_record
TN:
SF:src/hooks/useGameAudio.ts
FN:36,useGameAudio
FN:37,(anonymous_1)
FN:44,(anonymous_2)
FN:56,(anonymous_3)
FN:64,(anonymous_4)
FN:65,(anonymous_5)
FN:73,(anonymous_6)
FN:102,(anonymous_7)
FN:127,(anonymous_8)
FN:134,(anonymous_9)
FN:155,(anonymous_10)
FN:182,(anonymous_11)
FN:189,(anonymous_12)
FN:209,(anonymous_13)
FN:233,(anonymous_14)
FN:257,(anonymous_15)
FNF:16
FNH:0
FNDA:0,useGameAudio
FNDA:0,(anonymous_1)
FNDA:0,(anonymous_2)
FNDA:0,(anonymous_3)
FNDA:0,(anonymous_4)
FNDA:0,(anonymous_5)
FNDA:0,(anonymous_6)
FNDA:0,(anonymous_7)
FNDA:0,(anonymous_8)
FNDA:0,(anonymous_9)
FNDA:0,(anonymous_10)
FNDA:0,(anonymous_11)
FNDA:0,(anonymous_12)
FNDA:0,(anonymous_13)
FNDA:0,(anonymous_14)
FNDA:0,(anonymous_15)
DA:7,0
DA:8,0
DA:13,0
DA:25,0
DA:28,0
DA:36,0
DA:37,0
DA:38,0
DA:41,0
DA:44,0
DA:45,0
DA:46,0
DA:47,0
DA:48,0
DA:49,0
DA:56,0
DA:57,0
DA:58,0
DA:64,0
DA:65,0
DA:66,0
DA:67,0
DA:68,0
DA:73,0
DA:74,0
DA:76,0
DA:77,0
DA:80,0
DA:81,0
DA:83,0
DA:84,0
DA:87,0
DA:88,0
DA:89,0
DA:92,0
DA:93,0
DA:94,0
DA:96,0
DA:97,0
DA:98,0
DA:102,0
DA:103,0
DA:105,0
DA:106,0
DA:108,0
DA:109,0
DA:111,0
DA:112,0
DA:114,0
DA:115,0
DA:117,0
DA:118,0
DA:119,0
DA:121,0
DA:122,0
DA:123,0
DA:127,0
DA:128,0
DA:130,0
DA:131,0
DA:134,0
DA:135,0
DA:136,0
DA:138,0
DA:139,0
DA:141,0
DA:142,0
DA:144,0
DA:145,0
DA:146,0
DA:148,0
DA:149,0
DA:150,0
DA:155,0
DA:156,0
DA:158,0
DA:159,0
DA:161,0
DA:162,0
DA:164,0
DA:165,0
DA:168,0
DA:169,0
DA:172,0
DA:173,0
DA:174,0
DA:176,0
DA:177,0
DA:178,0
DA:182,0
DA:183,0
DA:185,0
DA:186,0
DA:189,0
DA:190,0
DA:191,0
DA:193,0
DA:194,0
DA:196,0
DA:198,0
DA:199,0
DA:200,0
DA:202,0
DA:203,0
DA:204,0
DA:209,0
DA:210,0
DA:212,0
DA:213,0
DA:215,0
DA:216,0
DA:218,0
DA:219,0
DA:221,0
DA:222,0
DA:224,0
DA:225,0
DA:227,0
DA:228,0
DA:229,0
DA:233,0
DA:234,0
DA:236,0
DA:237,0
DA:239,0
DA:240,0
DA:242,0
DA:243,0
DA:245,0
DA:247,0
DA:248,0
DA:250,0
DA:251,0
DA:252,0
DA:256,0
DA:258,0
DA:260,0
DA:261,0
DA:263,0
DA:264,0
DA:266,0
DA:267,0
DA:269,0
DA:270,0
DA:272,0
DA:273,0
DA:275,0
DA:276,0
DA:278,0
DA:279,0
DA:285,0
LF:151
LH:0
BRDA:45,0,0,0
BRDA:45,0,1,0
BRDA:45,1,0,0
BRDA:45,1,1,0
BRDA:47,2,0,0
BRDA:47,2,1,0
BRDA:48,3,0,0
BRDA:48,3,1,0
BRDA:57,4,0,0
BRDA:57,4,1,0
BRDA:74,5,0,0
BRDA:74,5,1,0
BRDA:74,6,0,0
BRDA:74,6,1,0
BRDA:103,7,0,0
BRDA:103,7,1,0
BRDA:103,8,0,0
BRDA:103,8,1,0
BRDA:128,9,0,0
BRDA:128,9,1,0
BRDA:128,10,0,0
BRDA:128,10,1,0
BRDA:156,11,0,0
BRDA:156,11,1,0
BRDA:156,12,0,0
BRDA:156,12,1,0
BRDA:183,13,0,0
BRDA:183,13,1,0
BRDA:183,14,0,0
BRDA:183,14,1,0
BRDA:210,15,0,0
BRDA:210,15,1,0
BRDA:210,16,0,0
BRDA:210,16,1,0
BRDA:234,17,0,0
BRDA:234,17,1,0
BRDA:234,18,0,0
BRDA:234,18,1,0
BRDA:258,19,0,0
BRDA:258,19,1,0
BRDA:258,19,2,0
BRDA:258,19,3,0
BRDA:258,19,4,0
BRDA:258,19,5,0
BRDA:258,19,6,0
BRF:45
BRH:0
end_of_record
TN:
SF:src/hooks/useLeaderboard.ts
FN:15,isValidLeaderboard
FN:45,getInitialLeaderboard
FN:82,useLeaderboard
FN:85,(anonymous_3)
FN:93,(anonymous_4)
FN:94,(anonymous_5)
FN:113,(anonymous_6)
FN:114,(anonymous_7)
FN:123,(anonymous_8)
FN:124,(anonymous_9)
FN:133,(anonymous_10)
FN:134,(anonymous_11)
FN:140,(anonymous_12)
FNF:13
FNH:0
FNDA:0,isValidLeaderboard
FNDA:0,getInitialLeaderboard
FNDA:0,useLeaderboard
FNDA:0,(anonymous_3)
FNDA:0,(anonymous_4)
FNDA:0,(anonymous_5)
FNDA:0,(anonymous_6)
FNDA:0,(anonymous_7)
FNDA:0,(anonymous_8)
FNDA:0,(anonymous_9)
FNDA:0,(anonymous_10)
FNDA:0,(anonymous_11)
FNDA:0,(anonymous_12)
DA:6,0
DA:8,0
DA:9,0
DA:16,0
DA:17,0
DA:20,0
DA:22,0
DA:46,0
DA:47,0
DA:48,0
DA:49,0
DA:52,0
DA:53,0
DA:56,0
DA:61,0
DA:62,0
DA:68,0
DA:82,0
DA:83,0
DA:85,0
DA:86,0
DA:87,0
DA:93,0
DA:94,0
DA:95,0
DA:96,0
DA:97,0
DA:98,0
DA:100,0
DA:113,0
DA:114,0
DA:123,0
DA:124,0
DA:133,0
DA:134,0
DA:140,0
DA:141,0
DA:155,0
LF:38
LH:0
BRDA:16,0,0,0
BRDA:16,0,1,0
BRDA:16,1,0,0
BRDA:16,1,1,0
BRDA:23,2,0,0
BRDA:23,2,1,0
BRDA:23,2,2,0
BRDA:23,2,3,0
BRDA:23,2,4,0
BRDA:23,2,5,0
BRDA:23,2,6,0
BRDA:23,2,7,0
BRDA:23,2,8,0
BRDA:23,2,9,0
BRDA:23,2,10,0
BRDA:23,2,11,0
BRDA:23,2,12,0
BRDA:23,2,13,0
BRDA:23,2,14,0
BRDA:23,2,15,0
BRDA:23,2,16,0
BRDA:23,2,17,0
BRDA:23,2,18,0
BRDA:48,3,0,0
BRDA:48,3,1,0
BRDA:52,4,0,0
BRDA:52,4,1,0
BRDA:98,5,0,0
BRDA:98,5,1,0
BRDA:136,6,0,0
BRDA:136,6,1,0
BRF:31
BRH:0
end_of_record
TN:
SF:src/hooks/useMainSiteBentleyStats.ts
FN:20,useMainSiteBentleyStats
FN:25,(anonymous_1)
FN:29,(anonymous_2)
FN:72,(anonymous_3)
FN:84,(anonymous_4)
FNF:5
FNH:0
FNDA:0,useMainSiteBentleyStats
FNDA:0,(anonymous_1)
FNDA:0,(anonymous_2)
FNDA:0,(anonymous_3)
FNDA:0,(anonymous_4)
DA:7,0
DA:18,0
DA:20,0
DA:21,0
DA:22,0
DA:23,0
DA:25,0
DA:26,0
DA:29,0
DA:30,0
DA:31,0
DA:32,0
DA:34,0
DA:35,0
DA:38,0
DA:40,0
DA:41,0
DA:50,0
DA:53,0
DA:56,0
DA:65,0
DA:72,0
DA:73,0
DA:74,0
DA:75,0
DA:84,0
DA:85,0
DA:86,0
DA:87,0
DA:93,0
LF:30
LH:0
BRDA:18,0,0,0
BRDA:18,0,1,0
BRDA:34,1,0,0
BRDA:34,1,1,0
BRDA:40,2,0,0
BRDA:40,2,1,0
BRDA:53,3,0,0
BRDA:53,3,1,0
BRF:8
BRH:0
end_of_record
TN:
SF:src/lib/aiStrategies.ts
FN:74,evaluateBoard
FN:129,minimax
FN:207,getAIMove
FN:228,(anonymous_3)
FNF:4
FNH:4
FNDA:27227,evaluateBoard
FNDA:41341,minimax
FNDA:73,getAIMove
FNDA:59,(anonymous_3)
DA:7,1
DA:15,1
DA:22,1
DA:28,1
DA:33,1
DA:63,1
DA:79,27227
DA:80,27227
DA:81,27227
DA:84,27227
DA:85,27227
DA:86,27227
DA:87,27227
DA:89,27227
DA:90,27227
DA:93,27227
DA:94,27000
DA:95,216000
DA:96,1728000
DA:97,1728000
DA:99,623476
DA:102,623476
DA:103,114400
DA:107,623476
DA:108,622868
DA:109,105343
DA:110,517525
DA:111,100729
DA:118,27000
DA:119,27000
DA:120,27000
DA:123,27227
DA:139,41341
DA:141,41341
DA:142,27354
DA:144,127
DA:145,63
DA:146,64
DA:147,64
DA:150,27227
DA:153,13987
DA:154,13987
DA:156,13987
DA:158,0
DA:161,13987
DA:163,13987
DA:164,3097
DA:166,3097
DA:167,10948
DA:168,10948
DA:170,10948
DA:171,5113
DA:172,5113
DA:175,10948
DA:176,10948
DA:177,1434
DA:181,3097
DA:183,10890
DA:185,10890
DA:186,30338
DA:187,30338
DA:189,30338
DA:190,17091
DA:191,17091
DA:194,30338
DA:195,30338
DA:196,7911
DA:200,10890
DA:207,1
DA:212,73
DA:214,73
DA:217,72
DA:218,72
DA:219,12
DA:223,60
DA:226,60
DA:228,59
DA:229,5
DA:233,55
DA:236,55
LF:80
LH:79
BRDA:84,0,0,2871
BRDA:84,0,1,24356
BRDA:85,1,0,2871
BRDA:85,1,1,24356
BRDA:86,2,0,2871
BRDA:86,2,1,24356
BRDA:87,3,0,2871
BRDA:87,3,1,24356
BRDA:93,4,0,27000
BRDA:93,4,1,227
BRDA:97,5,0,1104524
BRDA:97,5,1,623476
BRDA:99,6,0,311594
BRDA:99,6,1,311882
BRDA:102,7,0,114400
BRDA:102,7,1,509076
BRDA:107,8,0,622868
BRDA:107,8,1,608
BRDA:108,9,0,105343
BRDA:108,9,1,517525
BRDA:108,10,0,622868
BRDA:108,10,1,311061
BRDA:110,11,0,100729
BRDA:110,11,1,416796
BRDA:110,12,0,517525
BRDA:110,12,1,311807
BRDA:119,13,0,2871
BRDA:119,13,1,24129
BRDA:139,14,0,30393
BRDA:139,14,1,10948
BRDA:139,15,0,1212
BRDA:139,15,1,9736
BRDA:141,16,0,27354
BRDA:141,16,1,13987
BRDA:141,17,0,41341
BRDA:141,17,1,14071
BRDA:142,18,0,127
BRDA:142,18,1,27227
BRDA:144,19,0,63
BRDA:144,19,1,64
BRDA:146,20,0,64
BRDA:146,20,1,0
BRDA:153,21,0,3097
BRDA:153,21,1,10890
BRDA:153,22,0,1212
BRDA:153,22,1,9678
BRDA:156,23,0,0
BRDA:156,23,1,13987
BRDA:158,24,0,0
BRDA:158,24,1,0
BRDA:163,25,0,3097
BRDA:163,25,1,10890
BRDA:170,26,0,5113
BRDA:170,26,1,5835
BRDA:176,27,0,1434
BRDA:176,27,1,9514
BRDA:189,28,0,17091
BRDA:189,28,1,13247
BRDA:195,29,0,7911
BRDA:195,29,1,22427
BRDA:214,30,0,1
BRDA:214,30,1,72
BRDA:218,31,0,12
BRDA:218,31,1,60
BRDA:226,32,0,5
BRDA:226,32,1,55
BRDA:226,33,0,60
BRDA:226,33,1,24
BRDA:226,33,2,23
BRDA:236,34,0,55
BRDA:236,34,1,5
BRF:71
BRH:67
end_of_record
TN:
SF:src/lib/animationConstants.ts
FNF:0
FNH:0
DA:7,0
DA:8,0
DA:9,0
DA:10,0
DA:11,0
LF:5
LH:0
BRF:0
BRH:0
end_of_record
TN:
SF:src/lib/checkersRules.ts
FN:20,createEmptyBoard
FN:21,(anonymous_1)
FN:30,createInitialBoard
FN:59,isValidPosition
FN:66,isDarkSquare
FN:73,getJumpMoves
FN:110,(anonymous_6)
FN:158,getSimpleMoves
FN:183,getValidMovesForPiece
FN:205,getAllValidMoves
FN:216,(anonymous_10)
FN:217,(anonymous_11)
FN:232,applyMove
FN:233,(anonymous_13)
FN:261,countPieces
FN:293,checkGameOver
FN:324,createInitialGameState
FN:342,(anonymous_17)
FNF:18
FNH:18
FNDA:86,createEmptyBoard
FNDA:688,(anonymous_1)
FNDA:24,createInitialBoard
FNDA:5029249,isValidPosition
FNDA:4054772,isDarkSquare
FNDA:1314149,getJumpMoves
FNDA:484528,(anonymous_6)
FNDA:1197403,getSimpleMoves
FNDA:1253875,getValidMovesForPiece
FNDA:109433,getAllValidMoves
FNDA:833594,(anonymous_10)
FNDA:833594,(anonymous_11)
FNDA:41298,applyMove
FNDA:330384,(anonymous_13)
FNDA:68583,countPieces
FNDA:41348,checkGameOver
FNDA:5,createInitialGameState
FNDA:35,(anonymous_17)
DA:15,2
DA:20,2
DA:21,688
DA:30,2
DA:31,24
DA:34,24
DA:35,72
DA:37,576
DA:38,288
DA:44,24
DA:45,72
DA:47,576
DA:48,288
DA:53,24
DA:59,2
DA:60,5029249
DA:66,2
DA:67,4054772
DA:79,1314149
DA:80,1314149
DA:82,1314149
DA:83,2631514
DA:84,2631514
DA:85,2631514
DA:86,2631514
DA:89,2631514
DA:90,1973404
DA:92,1970999
DA:93,1970999
DA:96,1970999
DA:97,187771
DA:100,60566
DA:101,60566
DA:103,60566
DA:110,484528
DA:111,60566
DA:112,60566
DA:113,60566
DA:116,60566
DA:120,60566
DA:122,60566
DA:123,60566
DA:126,60566
DA:133,60566
DA:135,3344
DA:136,3344
DA:144,57222
DA:152,1314149
DA:159,1197403
DA:160,1197403
DA:162,1197403
DA:163,2397726
DA:164,2397726
DA:166,2397726
DA:167,2081362
DA:168,2078476
DA:170,776397
DA:177,1197403
DA:183,2
DA:187,1253875
DA:188,1253875
DA:191,1253874
DA:194,1253874
DA:195,56471
DA:199,1197403
DA:205,2
DA:206,109433
DA:207,109433
DA:209,109433
DA:210,875464
DA:211,7003712
DA:212,7003712
DA:213,1253856
DA:216,1253856
DA:217,1253856
DA:219,1253856
DA:220,1253856
DA:226,109433
DA:232,2
DA:233,330384
DA:234,41298
DA:236,41298
DA:239,41298
DA:240,6649
DA:244,41298
DA:245,41298
DA:248,41298
DA:249,40709
DA:251,52
DA:255,41298
DA:261,2
DA:267,68583
DA:268,68583
DA:269,68583
DA:270,68583
DA:272,68583
DA:273,548664
DA:274,4389312
DA:275,4389312
DA:276,1575143
DA:277,785823
DA:278,785823
DA:280,789320
DA:281,789320
DA:287,68583
DA:293,2
DA:297,41348
DA:298,41348
DA:301,41348
DA:302,125
DA:310,41223
DA:311,5
DA:313,41218
DA:314,1
DA:318,41217
DA:324,2
DA:328,5
DA:329,5
DA:330,5
DA:332,5
DA:342,35
LF:121
LH:121
BRDA:37,0,0,288
BRDA:37,0,1,288
BRDA:47,1,0,288
BRDA:47,1,1,288
BRDA:60,2,0,5029249
BRDA:60,2,1,5021799
BRDA:60,2,2,5018137
BRDA:60,2,3,4540430
BRDA:77,3,0,1253874
BRDA:80,4,0,1608
BRDA:80,4,1,1312541
BRDA:89,5,0,658110
BRDA:89,5,1,1973404
BRDA:90,6,0,2405
BRDA:90,6,1,1970999
BRDA:96,7,0,1783228
BRDA:96,7,1,187771
BRDA:96,8,0,1970999
BRDA:96,8,1,1241691
BRDA:97,9,0,127205
BRDA:97,9,1,60566
BRDA:101,10,0,0
BRDA:101,10,1,60566
BRDA:116,11,0,60566
BRDA:116,11,1,60492
BRDA:116,11,2,17841
BRDA:116,11,3,60205
BRDA:116,11,4,42651
BRDA:120,12,0,291
BRDA:120,12,1,60275
BRDA:126,13,0,291
BRDA:126,13,1,60275
BRDA:133,14,0,3344
BRDA:133,14,1,57222
BRDA:160,15,0,1460
BRDA:160,15,1,1195943
BRDA:166,16,0,316364
BRDA:166,16,1,2081362
BRDA:167,17,0,2886
BRDA:167,17,1,2078476
BRDA:168,18,0,1302079
BRDA:168,18,1,776397
BRDA:188,19,0,1
BRDA:188,19,1,1253874
BRDA:194,20,0,56471
BRDA:194,20,1,1197403
BRDA:212,21,0,1253856
BRDA:212,21,1,5749856
BRDA:212,22,0,7003712
BRDA:212,22,1,2511814
BRDA:226,23,0,43496
BRDA:226,23,1,65937
BRDA:236,24,0,0
BRDA:236,24,1,41298
BRDA:248,25,0,40709
BRDA:248,25,1,589
BRDA:249,26,0,52
BRDA:249,26,1,40657
BRDA:249,27,0,40709
BRDA:249,27,1,28118
BRDA:249,27,2,40685
BRDA:249,27,3,12591
BRDA:275,28,0,1575143
BRDA:275,28,1,2814169
BRDA:276,29,0,785823
BRDA:276,29,1,789320
BRDA:278,30,0,705
BRDA:278,30,1,785118
BRDA:281,31,0,1280
BRDA:281,31,1,788040
BRDA:301,32,0,125
BRDA:301,32,1,41223
BRDA:304,33,0,60
BRDA:304,33,1,65
BRDA:310,34,0,5
BRDA:310,34,1,41218
BRDA:313,35,0,1
BRDA:313,35,1,41217
BRDA:325,36,0,4
BRDA:326,37,0,4
BRF:80
BRH:78
end_of_record
TN:
SF:src/lib/storageKeys.ts
FNF:0
FNH:0
DA:6,0
LF:1
LH:0
BRF:0
BRH:0
end_of_record
TN:
SF:src/lib/utils.ts
FN:4,cn
FNF:1
FNH:0
FNDA:0,cn
DA:1,0
DA:2,0
DA:4,0
DA:5,0
LF:4
LH:0
BRF:0
BRH:0
end_of_record
TN:
SF:src/pages/CheckersGame.tsx
FN:19,CheckersGame
FN:49,(anonymous_1)
FN:57,(anonymous_2)
FN:106,(anonymous_3)
FN:112,(anonymous_4)
FN:119,(anonymous_5)
FN:209,(anonymous_6)
FN:221,(anonymous_7)
FN:232,(anonymous_8)
FNF:9
FNH:0
FNDA:0,CheckersGame
FNDA:0,(anonymous_1)
FNDA:0,(anonymous_2)
FNDA:0,(anonymous_3)
FNDA:0,(anonymous_4)
FNDA:0,(anonymous_5)
FNDA:0,(anonymous_6)
FNDA:0,(anonymous_7)
FNDA:0,(anonymous_8)
DA:6,0
DA:7,0
DA:8,0
DA:9,0
DA:10,0
DA:11,0
DA:12,0
DA:13,0
DA:14,0
DA:15,0
DA:16,0
DA:17,0
DA:19,0
DA:31,0
DA:33,0
DA:34,0
DA:35,0
DA:36,0
DA:37,0
DA:39,0
DA:40,0
DA:41,0
DA:42,0
DA:46,0
DA:49,0
DA:50,0
DA:52,0
DA:53,0
DA:56,0
DA:57,0
DA:62,0
DA:66,0
DA:69,0
DA:70,0
DA:72,0
DA:73,0
DA:76,0
DA:77,0
DA:78,0
DA:80,0
DA:82,0
DA:83,0
DA:86,0
DA:87,0
DA:88,0
DA:91,0
DA:92,0
DA:93,0
DA:96,0
DA:97,0
DA:102,0
DA:106,0
DA:107,0
DA:108,0
DA:112,0
DA:113,0
DA:114,0
DA:115,0
DA:118,0
DA:120,0
DA:121,0
DA:126,0
DA:209,0
DA:221,0
DA:232,0
LF:65
LH:0
BRDA:46,0,0,0
BRDA:46,0,1,0
BRDA:52,1,0,0
BRDA:52,1,1,0
BRDA:52,2,0,0
BRDA:52,2,1,0
BRDA:52,2,2,0
BRDA:66,3,0,0
BRDA:66,3,1,0
BRDA:66,3,2,0
BRDA:66,3,3,0
BRDA:69,4,0,0
BRDA:69,4,1,0
BRDA:70,5,0,0
BRDA:70,5,1,0
BRDA:76,6,0,0
BRDA:76,6,1,0
BRDA:80,7,0,0
BRDA:80,7,1,0
BRDA:86,8,0,0
BRDA:86,8,1,0
BRDA:91,9,0,0
BRDA:91,9,1,0
BRDA:96,10,0,0
BRDA:96,10,1,0
BRDA:107,11,0,0
BRDA:107,11,1,0
BRDA:160,12,0,0
BRDA:160,12,1,0
BRDA:168,13,0,0
BRDA:168,13,1,0
BRDA:177,14,0,0
BRDA:177,14,1,0
BRDA:179,15,0,0
BRDA:179,15,1,0
BRDA:179,15,2,0
BRDA:182,16,0,0
BRDA:182,16,1,0
BRDA:182,16,2,0
BRDA:196,17,0,0
BRDA:196,17,1,0
BRDA:215,18,0,0
BRDA:215,18,1,0
BRDA:228,19,0,0
BRDA:228,19,1,0
BRF:45
BRH:0
end_of_record
TN:
SF:src/types/checkers.types.ts
FNF:0
FNH:0
DA:20,2
DA:103,2
DA:113,2
LF:3
LH:3
BRF:0
BRH:0
end_of_record
